<?xml version="1.0" encoding="UTF-8"?>
<testng-results ignored="18" total="94" passed="52" failed="24" skipped="0">
  <reporter-output>
  </reporter-output>
  <suite started-at="2022-11-04T07:46:53Z" name="Price Builder Test Result" finished-at="2022-11-04T09:35:19Z" duration-ms="6505848">
    <groups>
    </groups>
    <test started-at="2022-11-04T07:46:53Z" name="Regression" finished-at="2022-11-04T09:35:19Z" duration-ms="6505848">
      <class name="Com.SPB.test.VerifyBundle">
        <test-method is-config="true" signature="beforeClass()[pri:0, instance:Com.SPB.test.VerifyBundle@8317c52]" started-at="2022-11-04T08:05:13Z" name="beforeClass" finished-at="2022-11-04T08:05:17Z" duration-ms="3727" status="PASS">
          <reporter-output>
          </reporter-output>
        </test-method> <!-- beforeClass -->
        <test-method is-config="true" signature="method(java.lang.reflect.Method)[pri:0, instance:Com.SPB.test.VerifyBundle@8317c52]" started-at="2022-11-04T08:05:17Z" name="method" finished-at="2022-11-04T08:05:17Z" duration-ms="1" status="PASS">
          <params>
            <param index="0">
              <value>
                <![CDATA[public void Com.SPB.test.VerifyBundle.openbundlelistVerify() throws java.lang.Exception]]>
              </value>
            </param>
          </params>
          <reporter-output>
          </reporter-output>
        </test-method> <!-- method -->
        <test-method signature="openbundlelistVerify()[pri:0, instance:Com.SPB.test.VerifyBundle@8317c52]" started-at="2022-11-04T08:05:17Z" name="openbundlelistVerify" finished-at="2022-11-04T08:06:00Z" duration-ms="43439" status="PASS">
          <reporter-output>
          </reporter-output>
        </test-method> <!-- openbundlelistVerify -->
        <test-method signature="BundlelistVerify()[pri:0, instance:Com.SPB.test.VerifyBundle@8317c52]" started-at="2022-11-04T08:06:00Z" name="BundlelistVerify" finished-at="2022-11-04T08:06:46Z" duration-ms="45653" status="PASS">
          <reporter-output>
          </reporter-output>
        </test-method> <!-- BundlelistVerify -->
        <test-method is-config="true" signature="method(java.lang.reflect.Method)[pri:0, instance:Com.SPB.test.VerifyBundle@8317c52]" started-at="2022-11-04T08:06:00Z" name="method" finished-at="2022-11-04T08:06:00Z" duration-ms="0" status="PASS">
          <params>
            <param index="0">
              <value>
                <![CDATA[public void Com.SPB.test.VerifyBundle.BundlelistVerify() throws java.lang.Exception]]>
              </value>
            </param>
          </params>
          <reporter-output>
          </reporter-output>
        </test-method> <!-- method -->
        <test-method is-config="true" signature="method(java.lang.reflect.Method)[pri:0, instance:Com.SPB.test.VerifyBundle@8317c52]" started-at="2022-11-04T08:06:46Z" name="method" finished-at="2022-11-04T08:06:46Z" duration-ms="0" status="PASS">
          <params>
            <param index="0">
              <value>
                <![CDATA[public void Com.SPB.test.VerifyBundle.BundleCreation() throws java.lang.Exception]]>
              </value>
            </param>
          </params>
          <reporter-output>
          </reporter-output>
        </test-method> <!-- method -->
        <test-method signature="BundleCreation()[pri:0, instance:Com.SPB.test.VerifyBundle@8317c52]" started-at="2022-11-04T08:06:46Z" name="BundleCreation" finished-at="2022-11-04T08:07:41Z" duration-ms="55398" status="PASS">
          <reporter-output>
          </reporter-output>
        </test-method> <!-- BundleCreation -->
        <test-method signature="OpenBundle()[pri:0, instance:Com.SPB.test.VerifyBundle@8317c52]" started-at="2022-11-04T08:07:41Z" name="OpenBundle" finished-at="2022-11-04T08:08:48Z" duration-ms="67363" status="PASS">
          <reporter-output>
          </reporter-output>
        </test-method> <!-- OpenBundle -->
        <test-method is-config="true" signature="method(java.lang.reflect.Method)[pri:0, instance:Com.SPB.test.VerifyBundle@8317c52]" started-at="2022-11-04T08:07:41Z" name="method" finished-at="2022-11-04T08:07:41Z" duration-ms="0" status="PASS">
          <params>
            <param index="0">
              <value>
                <![CDATA[public void Com.SPB.test.VerifyBundle.OpenBundle() throws java.lang.Exception]]>
              </value>
            </param>
          </params>
          <reporter-output>
          </reporter-output>
        </test-method> <!-- method -->
        <test-method signature="BundleActionEdit()[pri:0, instance:Com.SPB.test.VerifyBundle@8317c52]" started-at="2022-11-04T08:08:48Z" name="BundleActionEdit" finished-at="2022-11-04T08:09:39Z" duration-ms="50899" status="PASS">
          <reporter-output>
          </reporter-output>
        </test-method> <!-- BundleActionEdit -->
        <test-method is-config="true" signature="method(java.lang.reflect.Method)[pri:0, instance:Com.SPB.test.VerifyBundle@8317c52]" started-at="2022-11-04T08:08:48Z" name="method" finished-at="2022-11-04T08:08:48Z" duration-ms="0" status="PASS">
          <params>
            <param index="0">
              <value>
                <![CDATA[public void Com.SPB.test.VerifyBundle.BundleActionEdit() throws java.lang.Exception]]>
              </value>
            </param>
          </params>
          <reporter-output>
          </reporter-output>
        </test-method> <!-- method -->
        <test-method is-config="true" signature="method(java.lang.reflect.Method)[pri:0, instance:Com.SPB.test.VerifyBundle@8317c52]" started-at="2022-11-04T08:09:39Z" name="method" finished-at="2022-11-04T08:09:39Z" duration-ms="1" status="PASS">
          <params>
            <param index="0">
              <value>
                <![CDATA[public void Com.SPB.test.VerifyBundle.VerifyselectScenario() throws java.lang.Exception]]>
              </value>
            </param>
          </params>
          <reporter-output>
          </reporter-output>
        </test-method> <!-- method -->
        <test-method signature="VerifyselectScenario()[pri:0, instance:Com.SPB.test.VerifyBundle@8317c52]" started-at="2022-11-04T08:09:39Z" name="VerifyselectScenario" finished-at="2022-11-04T08:10:49Z" duration-ms="69916" status="FAIL">
          <exception class="org.openqa.selenium.ElementClickInterceptedException">
            <message>
              <![CDATA[element click intercepted: Element <span aria-hidden="true" class="ui-button-icon-left ui-clickable pi pi-caret-down"></span> is not clickable at point (1201, 388). Other element would receive the click: <div class="ui-autocomplete-panel ui-widget ui-widget-content ui-corner-all ui-shadow ng-trigger ng-trigger-overlayAnimation ng-tns-c1-26 ng-star-inserted" style="max-height: 200px; z-index: 1002; top: 31px; left: 0px; transform: translateY(0px); opacity: 1;">...</div>
  (Session info: MicrosoftEdge=106.0.1370.42)
Build info: version: '3.141.59', revision: 'e82be7d358', time: '2018-11-14T08:17:03'
System info: host: 'LT095011', ip: '10.156.164.22', os.name: 'Windows 10', os.arch: 'amd64', os.version: '10.0', java.version: '16.0.1'
Driver info: org.openqa.selenium.edge.EdgeDriver
Capabilities {acceptInsecureCerts: false, browserName: msedge, browserVersion: 106.0.1370.42, javascriptEnabled: true, ms:edgeOptions: {debuggerAddress: localhost:60653}, msedge: {msedgedriverVersion: 106.0.1370.42 (01c826627559..., userDataDir: C:\Users\J8994868\AppData\L...}, networkConnectionEnabled: false, pageLoadStrategy: normal, platform: WINDOWS, platformName: WINDOWS, proxy: Proxy(), setWindowRect: true, strictFileInteractability: false, timeouts: {implicit: 0, pageLoad: 300000, script: 30000}, unhandledPromptBehavior: dismiss and notify, webauthn:extension:credBlob: true, webauthn:extension:largeBlob: true, webauthn:virtualAuthenticators: true}
Session ID: 9cedc08111f8e59e222c821db87020a1]]>
            </message>
            <full-stacktrace>
              <![CDATA[org.openqa.selenium.ElementClickInterceptedException: element click intercepted: Element <span aria-hidden="true" class="ui-button-icon-left ui-clickable pi pi-caret-down"></span> is not clickable at point (1201, 388). Other element would receive the click: <div class="ui-autocomplete-panel ui-widget ui-widget-content ui-corner-all ui-shadow ng-trigger ng-trigger-overlayAnimation ng-tns-c1-26 ng-star-inserted" style="max-height: 200px; z-index: 1002; top: 31px; left: 0px; transform: translateY(0px); opacity: 1;">...</div>
  (Session info: MicrosoftEdge=106.0.1370.42)
Build info: version: '3.141.59', revision: 'e82be7d358', time: '2018-11-14T08:17:03'
System info: host: 'LT095011', ip: '10.156.164.22', os.name: 'Windows 10', os.arch: 'amd64', os.version: '10.0', java.version: '16.0.1'
Driver info: org.openqa.selenium.edge.EdgeDriver
Capabilities {acceptInsecureCerts: false, browserName: msedge, browserVersion: 106.0.1370.42, javascriptEnabled: true, ms:edgeOptions: {debuggerAddress: localhost:60653}, msedge: {msedgedriverVersion: 106.0.1370.42 (01c826627559..., userDataDir: C:\Users\J8994868\AppData\L...}, networkConnectionEnabled: false, pageLoadStrategy: normal, platform: WINDOWS, platformName: WINDOWS, proxy: Proxy(), setWindowRect: true, strictFileInteractability: false, timeouts: {implicit: 0, pageLoad: 300000, script: 30000}, unhandledPromptBehavior: dismiss and notify, webauthn:extension:credBlob: true, webauthn:extension:largeBlob: true, webauthn:virtualAuthenticators: true}
Session ID: 9cedc08111f8e59e222c821db87020a1
at java.base/jdk.internal.reflect.NativeConstructorAccessorImpl.newInstance0(Native Method)
at java.base/jdk.internal.reflect.NativeConstructorAccessorImpl.newInstance(NativeConstructorAccessorImpl.java:78)
at java.base/jdk.internal.reflect.DelegatingConstructorAccessorImpl.newInstance(DelegatingConstructorAccessorImpl.java:45)
at java.base/java.lang.reflect.Constructor.newInstanceWithCaller(Constructor.java:499)
at java.base/java.lang.reflect.Constructor.newInstance(Constructor.java:480)
at org.openqa.selenium.remote.http.W3CHttpResponseCodec.createException(W3CHttpResponseCodec.java:187)
at org.openqa.selenium.remote.http.W3CHttpResponseCodec.decode(W3CHttpResponseCodec.java:122)
at org.openqa.selenium.remote.http.W3CHttpResponseCodec.decode(W3CHttpResponseCodec.java:49)
at org.openqa.selenium.remote.HttpCommandExecutor.execute(HttpCommandExecutor.java:158)
at org.openqa.selenium.remote.service.DriverCommandExecutor.execute(DriverCommandExecutor.java:83)
at org.openqa.selenium.remote.RemoteWebDriver.execute(RemoteWebDriver.java:552)
at org.openqa.selenium.remote.RemoteWebElement.execute(RemoteWebElement.java:285)
at org.openqa.selenium.remote.RemoteWebElement.click(RemoteWebElement.java:84)
at Com.SPB.PageObjects.BundleOperations.selectScenarios(BundleOperations.java:288)
at Com.SPB.test.VerifyBundle.VerifyselectScenario(VerifyBundle.java:186)
at java.base/jdk.internal.reflect.NativeMethodAccessorImpl.invoke0(Native Method)
at java.base/jdk.internal.reflect.NativeMethodAccessorImpl.invoke(NativeMethodAccessorImpl.java:78)
at java.base/jdk.internal.reflect.DelegatingMethodAccessorImpl.invoke(DelegatingMethodAccessorImpl.java:43)
at java.base/java.lang.reflect.Method.invoke(Method.java:567)
at org.testng.internal.MethodInvocationHelper.invokeMethod(MethodInvocationHelper.java:124)
at org.testng.internal.Invoker.invokeMethod(Invoker.java:583)
at org.testng.internal.Invoker.invokeTestMethod(Invoker.java:719)
at org.testng.internal.Invoker.invokeTestMethods(Invoker.java:989)
at org.testng.internal.TestMethodWorker.invokeTestMethods(TestMethodWorker.java:125)
at org.testng.internal.TestMethodWorker.run(TestMethodWorker.java:109)
at org.testng.TestRunner.privateRun(TestRunner.java:648)
at org.testng.TestRunner.run(TestRunner.java:505)
at org.testng.SuiteRunner.runTest(SuiteRunner.java:455)
at org.testng.SuiteRunner.runSequentially(SuiteRunner.java:450)
at org.testng.SuiteRunner.privateRun(SuiteRunner.java:415)
at org.testng.SuiteRunner.run(SuiteRunner.java:364)
at org.testng.SuiteRunnerWorker.runSuite(SuiteRunnerWorker.java:52)
at org.testng.SuiteRunnerWorker.run(SuiteRunnerWorker.java:84)
at org.testng.TestNG.runSuitesSequentially(TestNG.java:1208)
at org.testng.TestNG.runSuitesLocally(TestNG.java:1137)
at org.testng.TestNG.runSuites(TestNG.java:1049)
at org.testng.TestNG.run(TestNG.java:1017)
at org.testng.remote.AbstractRemoteTestNG.run(AbstractRemoteTestNG.java:115)
at org.testng.remote.RemoteTestNG.initAndRun(RemoteTestNG.java:251)
at org.testng.remote.RemoteTestNG.main(RemoteTestNG.java:77)
]]>
            </full-stacktrace>
          </exception> <!-- org.openqa.selenium.ElementClickInterceptedException -->
          <reporter-output>
          </reporter-output>
        </test-method> <!-- VerifyselectScenario -->
        <test-method is-config="true" signature="method(java.lang.reflect.Method)[pri:0, instance:Com.SPB.test.VerifyBundle@8317c52]" started-at="2022-11-04T08:10:49Z" name="method" finished-at="2022-11-04T08:10:49Z" duration-ms="1" status="PASS">
          <params>
            <param index="0">
              <value>
                <![CDATA[public void Com.SPB.test.VerifyBundle.VerifyscenariosSelect() throws java.lang.Exception]]>
              </value>
            </param>
          </params>
          <reporter-output>
          </reporter-output>
        </test-method> <!-- method -->
        <test-method signature="VerifyscenariosSelect()[pri:0, instance:Com.SPB.test.VerifyBundle@8317c52]" started-at="2022-11-04T08:10:49Z" name="VerifyscenariosSelect" finished-at="2022-11-04T08:12:30Z" duration-ms="100445" status="FAIL">
          <exception class="org.openqa.selenium.NoSuchElementException">
            <message>
              <![CDATA[no such element: Unable to locate element: {"method":"xpath","selector":"(//span[text()='Open'])[4]"}
  (Session info: MicrosoftEdge=106.0.1370.42)
For documentation on this error, please visit: https://www.seleniumhq.org/exceptions/no_such_element.html
Build info: version: '3.141.59', revision: 'e82be7d358', time: '2018-11-14T08:17:03'
System info: host: 'LT095011', ip: '10.156.164.22', os.name: 'Windows 10', os.arch: 'amd64', os.version: '10.0', java.version: '16.0.1'
Driver info: org.openqa.selenium.edge.EdgeDriver
Capabilities {acceptInsecureCerts: false, browserName: msedge, browserVersion: 106.0.1370.42, javascriptEnabled: true, ms:edgeOptions: {debuggerAddress: localhost:60653}, msedge: {msedgedriverVersion: 106.0.1370.42 (01c826627559..., userDataDir: C:\Users\J8994868\AppData\L...}, networkConnectionEnabled: false, pageLoadStrategy: normal, platform: WINDOWS, platformName: WINDOWS, proxy: Proxy(), setWindowRect: true, strictFileInteractability: false, timeouts: {implicit: 0, pageLoad: 300000, script: 30000}, unhandledPromptBehavior: dismiss and notify, webauthn:extension:credBlob: true, webauthn:extension:largeBlob: true, webauthn:virtualAuthenticators: true}
Session ID: 9cedc08111f8e59e222c821db87020a1
*** Element info: {Using=xpath, value=(//span[text()='Open'])[4]}]]>
            </message>
            <full-stacktrace>
              <![CDATA[org.openqa.selenium.NoSuchElementException: no such element: Unable to locate element: {"method":"xpath","selector":"(//span[text()='Open'])[4]"}
  (Session info: MicrosoftEdge=106.0.1370.42)
For documentation on this error, please visit: https://www.seleniumhq.org/exceptions/no_such_element.html
Build info: version: '3.141.59', revision: 'e82be7d358', time: '2018-11-14T08:17:03'
System info: host: 'LT095011', ip: '10.156.164.22', os.name: 'Windows 10', os.arch: 'amd64', os.version: '10.0', java.version: '16.0.1'
Driver info: org.openqa.selenium.edge.EdgeDriver
Capabilities {acceptInsecureCerts: false, browserName: msedge, browserVersion: 106.0.1370.42, javascriptEnabled: true, ms:edgeOptions: {debuggerAddress: localhost:60653}, msedge: {msedgedriverVersion: 106.0.1370.42 (01c826627559..., userDataDir: C:\Users\J8994868\AppData\L...}, networkConnectionEnabled: false, pageLoadStrategy: normal, platform: WINDOWS, platformName: WINDOWS, proxy: Proxy(), setWindowRect: true, strictFileInteractability: false, timeouts: {implicit: 0, pageLoad: 300000, script: 30000}, unhandledPromptBehavior: dismiss and notify, webauthn:extension:credBlob: true, webauthn:extension:largeBlob: true, webauthn:virtualAuthenticators: true}
Session ID: 9cedc08111f8e59e222c821db87020a1
*** Element info: {Using=xpath, value=(//span[text()='Open'])[4]}
at jdk.internal.reflect.GeneratedConstructorAccessor59.newInstance(Unknown Source)
at java.base/jdk.internal.reflect.DelegatingConstructorAccessorImpl.newInstance(DelegatingConstructorAccessorImpl.java:45)
at java.base/java.lang.reflect.Constructor.newInstanceWithCaller(Constructor.java:499)
at java.base/java.lang.reflect.Constructor.newInstance(Constructor.java:480)
at org.openqa.selenium.remote.http.W3CHttpResponseCodec.createException(W3CHttpResponseCodec.java:187)
at org.openqa.selenium.remote.http.W3CHttpResponseCodec.decode(W3CHttpResponseCodec.java:122)
at org.openqa.selenium.remote.http.W3CHttpResponseCodec.decode(W3CHttpResponseCodec.java:49)
at org.openqa.selenium.remote.HttpCommandExecutor.execute(HttpCommandExecutor.java:158)
at org.openqa.selenium.remote.service.DriverCommandExecutor.execute(DriverCommandExecutor.java:83)
at org.openqa.selenium.remote.RemoteWebDriver.execute(RemoteWebDriver.java:552)
at org.openqa.selenium.remote.RemoteWebDriver.findElement(RemoteWebDriver.java:323)
at org.openqa.selenium.remote.RemoteWebDriver.findElementByXPath(RemoteWebDriver.java:428)
at org.openqa.selenium.By$ByXPath.findElement(By.java:353)
at org.openqa.selenium.remote.RemoteWebDriver.findElement(RemoteWebDriver.java:315)
at Com.SPB.PageObjects.BundleOperations.verifyscenarios(BundleOperations.java:337)
at Com.SPB.test.VerifyBundle.VerifyscenariosSelect(VerifyBundle.java:203)
at java.base/jdk.internal.reflect.NativeMethodAccessorImpl.invoke0(Native Method)
at java.base/jdk.internal.reflect.NativeMethodAccessorImpl.invoke(NativeMethodAccessorImpl.java:78)
at java.base/jdk.internal.reflect.DelegatingMethodAccessorImpl.invoke(DelegatingMethodAccessorImpl.java:43)
at java.base/java.lang.reflect.Method.invoke(Method.java:567)
at org.testng.internal.MethodInvocationHelper.invokeMethod(MethodInvocationHelper.java:124)
at org.testng.internal.Invoker.invokeMethod(Invoker.java:583)
at org.testng.internal.Invoker.invokeTestMethod(Invoker.java:719)
at org.testng.internal.Invoker.invokeTestMethods(Invoker.java:989)
at org.testng.internal.TestMethodWorker.invokeTestMethods(TestMethodWorker.java:125)
at org.testng.internal.TestMethodWorker.run(TestMethodWorker.java:109)
at org.testng.TestRunner.privateRun(TestRunner.java:648)
at org.testng.TestRunner.run(TestRunner.java:505)
at org.testng.SuiteRunner.runTest(SuiteRunner.java:455)
at org.testng.SuiteRunner.runSequentially(SuiteRunner.java:450)
at org.testng.SuiteRunner.privateRun(SuiteRunner.java:415)
at org.testng.SuiteRunner.run(SuiteRunner.java:364)
at org.testng.SuiteRunnerWorker.runSuite(SuiteRunnerWorker.java:52)
at org.testng.SuiteRunnerWorker.run(SuiteRunnerWorker.java:84)
at org.testng.TestNG.runSuitesSequentially(TestNG.java:1208)
at org.testng.TestNG.runSuitesLocally(TestNG.java:1137)
at org.testng.TestNG.runSuites(TestNG.java:1049)
at org.testng.TestNG.run(TestNG.java:1017)
at org.testng.remote.AbstractRemoteTestNG.run(AbstractRemoteTestNG.java:115)
at org.testng.remote.RemoteTestNG.initAndRun(RemoteTestNG.java:251)
at org.testng.remote.RemoteTestNG.main(RemoteTestNG.java:77)
]]>
            </full-stacktrace>
          </exception> <!-- org.openqa.selenium.NoSuchElementException -->
          <reporter-output>
          </reporter-output>
        </test-method> <!-- VerifyscenariosSelect -->
        <test-method is-config="true" signature="method(java.lang.reflect.Method)[pri:0, instance:Com.SPB.test.VerifyBundle@8317c52]" started-at="2022-11-04T08:12:30Z" name="method" finished-at="2022-11-04T08:12:30Z" duration-ms="0" status="PASS">
          <params>
            <param index="0">
              <value>
                <![CDATA[public void Com.SPB.test.VerifyBundle.BundleActionDelete() throws java.lang.Exception]]>
              </value>
            </param>
          </params>
          <reporter-output>
          </reporter-output>
        </test-method> <!-- method -->
        <test-method signature="BundleActionDelete()[pri:0, instance:Com.SPB.test.VerifyBundle@8317c52]" started-at="2022-11-04T08:12:30Z" name="BundleActionDelete" finished-at="2022-11-04T08:13:13Z" duration-ms="43219" status="PASS">
          <reporter-output>
          </reporter-output>
        </test-method> <!-- BundleActionDelete -->
        <test-method is-config="true" signature="afterClass()[pri:0, instance:Com.SPB.test.VerifyBundle@8317c52]" started-at="2022-11-04T08:13:13Z" name="afterClass" finished-at="2022-11-04T08:13:13Z" duration-ms="316" status="PASS">
          <reporter-output>
          </reporter-output>
        </test-method> <!-- afterClass -->
      </class> <!-- Com.SPB.test.VerifyBundle -->
      <class name="Com.SPB.test.VerifyMyRFQ">
        <test-method is-config="true" signature="beforeClass()[pri:0, instance:Com.SPB.test.VerifyMyRFQ@4f67eb2a]" started-at="2022-11-04T07:56:14Z" name="beforeClass" finished-at="2022-11-04T07:56:18Z" duration-ms="3960" status="PASS">
          <reporter-output>
          </reporter-output>
        </test-method> <!-- beforeClass -->
        <test-method signature="VerifyOpenbuttonInMyRFQ()[pri:0, instance:Com.SPB.test.VerifyMyRFQ@4f67eb2a]" started-at="2022-11-04T07:56:18Z" name="VerifyOpenbuttonInMyRFQ" finished-at="2022-11-04T07:57:04Z" duration-ms="45732" status="PASS">
          <reporter-output>
          </reporter-output>
        </test-method> <!-- VerifyOpenbuttonInMyRFQ -->
        <test-method is-config="true" signature="method(java.lang.reflect.Method)[pri:0, instance:Com.SPB.test.VerifyMyRFQ@4f67eb2a]" started-at="2022-11-04T07:56:18Z" name="method" finished-at="2022-11-04T07:56:18Z" duration-ms="0" status="PASS">
          <params>
            <param index="0">
              <value>
                <![CDATA[public void Com.SPB.test.VerifyMyRFQ.VerifyOpenbuttonInMyRFQ() throws java.lang.Exception]]>
              </value>
            </param>
          </params>
          <reporter-output>
          </reporter-output>
        </test-method> <!-- method -->
        <test-method is-config="true" signature="afterClass()[pri:0, instance:Com.SPB.test.VerifyMyRFQ@4f67eb2a]" started-at="2022-11-04T07:57:04Z" name="afterClass" finished-at="2022-11-04T07:57:04Z" duration-ms="335" status="PASS">
          <reporter-output>
          </reporter-output>
        </test-method> <!-- afterClass -->
      </class> <!-- Com.SPB.test.VerifyMyRFQ -->
      <class name="Com.SPB.test.FinancialOverview">
        <test-method is-config="true" signature="beforeClass()[pri:0, instance:Com.SPB.test.FinancialOverview@68e965f5]" started-at="2022-11-04T08:38:13Z" name="beforeClass" finished-at="2022-11-04T08:38:17Z" duration-ms="3990" status="PASS">
          <reporter-output>
          </reporter-output>
        </test-method> <!-- beforeClass -->
        <test-method is-config="true" signature="method(java.lang.reflect.Method)[pri:0, instance:Com.SPB.test.FinancialOverview@68e965f5]" started-at="2022-11-04T08:38:17Z" name="method" finished-at="2022-11-04T08:38:17Z" duration-ms="1" status="PASS">
          <params>
            <param index="0">
              <value>
                <![CDATA[public void Com.SPB.test.FinancialOverview.verifyPricePce() throws java.lang.Exception]]>
              </value>
            </param>
          </params>
          <reporter-output>
          </reporter-output>
        </test-method> <!-- method -->
        <test-method signature="verifyPricePce()[pri:0, instance:Com.SPB.test.FinancialOverview@68e965f5]" started-at="2022-11-04T08:38:17Z" name="verifyPricePce" finished-at="2022-11-04T08:39:59Z" duration-ms="101621" status="PASS">
          <reporter-output>
          </reporter-output>
        </test-method> <!-- verifyPricePce -->
        <test-method is-config="true" signature="method(java.lang.reflect.Method)[pri:0, instance:Com.SPB.test.FinancialOverview@68e965f5]" started-at="2022-11-04T08:39:59Z" name="method" finished-at="2022-11-04T08:39:59Z" duration-ms="0" status="PASS">
          <params>
            <param index="0">
              <value>
                <![CDATA[public void Com.SPB.test.FinancialOverview.verifyVolume() throws java.lang.Exception]]>
              </value>
            </param>
          </params>
          <reporter-output>
          </reporter-output>
        </test-method> <!-- method -->
        <test-method signature="verifyVolume()[pri:0, instance:Com.SPB.test.FinancialOverview@68e965f5]" started-at="2022-11-04T08:39:59Z" name="verifyVolume" finished-at="2022-11-04T08:41:44Z" duration-ms="105398" status="PASS">
          <reporter-output>
          </reporter-output>
        </test-method> <!-- verifyVolume -->
        <test-method is-config="true" signature="method(java.lang.reflect.Method)[pri:0, instance:Com.SPB.test.FinancialOverview@68e965f5]" started-at="2022-11-04T08:41:44Z" name="method" finished-at="2022-11-04T08:41:44Z" duration-ms="0" status="PASS">
          <params>
            <param index="0">
              <value>
                <![CDATA[public void Com.SPB.test.FinancialOverview.verifyAddedValue() throws java.lang.Exception]]>
              </value>
            </param>
          </params>
          <reporter-output>
          </reporter-output>
        </test-method> <!-- method -->
        <test-method signature="verifyAddedValue()[pri:0, instance:Com.SPB.test.FinancialOverview@68e965f5]" started-at="2022-11-04T08:41:44Z" name="verifyAddedValue" finished-at="2022-11-04T08:43:20Z" duration-ms="95447" status="PASS">
          <reporter-output>
          </reporter-output>
        </test-method> <!-- verifyAddedValue -->
        <test-method signature="verifyY1()[pri:0, instance:Com.SPB.test.FinancialOverview@68e965f5]" started-at="2022-11-04T08:43:20Z" name="verifyY1" finished-at="2022-11-04T08:45:15Z" duration-ms="115419" status="PASS">
          <reporter-output>
          </reporter-output>
        </test-method> <!-- verifyY1 -->
        <test-method is-config="true" signature="method(java.lang.reflect.Method)[pri:0, instance:Com.SPB.test.FinancialOverview@68e965f5]" started-at="2022-11-04T08:43:20Z" name="method" finished-at="2022-11-04T08:43:20Z" duration-ms="0" status="PASS">
          <params>
            <param index="0">
              <value>
                <![CDATA[public void Com.SPB.test.FinancialOverview.verifyY1() throws java.lang.Exception]]>
              </value>
            </param>
          </params>
          <reporter-output>
          </reporter-output>
        </test-method> <!-- method -->
        <test-method is-config="true" signature="method(java.lang.reflect.Method)[pri:0, instance:Com.SPB.test.FinancialOverview@68e965f5]" started-at="2022-11-04T08:45:15Z" name="method" finished-at="2022-11-04T08:45:15Z" duration-ms="0" status="PASS">
          <params>
            <param index="0">
              <value>
                <![CDATA[public void Com.SPB.test.FinancialOverview.VerifyProjectMVC() throws java.lang.Exception]]>
              </value>
            </param>
          </params>
          <reporter-output>
          </reporter-output>
        </test-method> <!-- method -->
        <test-method signature="VerifyProjectMVC()[pri:0, instance:Com.SPB.test.FinancialOverview@68e965f5]" started-at="2022-11-04T08:45:15Z" name="VerifyProjectMVC" finished-at="2022-11-04T08:46:20Z" duration-ms="65051" status="PASS">
          <reporter-output>
          </reporter-output>
        </test-method> <!-- VerifyProjectMVC -->
        <test-method is-config="true" signature="method(java.lang.reflect.Method)[pri:0, instance:Com.SPB.test.FinancialOverview@68e965f5]" started-at="2022-11-04T08:46:20Z" name="method" finished-at="2022-11-04T08:46:20Z" duration-ms="0" status="PASS">
          <params>
            <param index="0">
              <value>
                <![CDATA[public void Com.SPB.test.FinancialOverview.verifyMVCGPNonPercentage() throws java.lang.Exception]]>
              </value>
            </param>
          </params>
          <reporter-output>
          </reporter-output>
        </test-method> <!-- method -->
        <test-method signature="verifyMVCGPNonPercentage()[pri:0, instance:Com.SPB.test.FinancialOverview@68e965f5]" started-at="2022-11-04T08:46:20Z" name="verifyMVCGPNonPercentage" finished-at="2022-11-04T08:47:56Z" duration-ms="95529" status="PASS">
          <reporter-output>
          </reporter-output>
        </test-method> <!-- verifyMVCGPNonPercentage -->
        <test-method signature="VerifyProjectRBC()[pri:0, instance:Com.SPB.test.FinancialOverview@68e965f5]" started-at="2022-11-04T08:47:56Z" name="VerifyProjectRBC" finished-at="2022-11-04T08:49:01Z" duration-ms="65042" status="PASS">
          <reporter-output>
          </reporter-output>
        </test-method> <!-- VerifyProjectRBC -->
        <test-method is-config="true" signature="method(java.lang.reflect.Method)[pri:0, instance:Com.SPB.test.FinancialOverview@68e965f5]" started-at="2022-11-04T08:47:56Z" name="method" finished-at="2022-11-04T08:47:56Z" duration-ms="0" status="PASS">
          <params>
            <param index="0">
              <value>
                <![CDATA[public void Com.SPB.test.FinancialOverview.VerifyProjectRBC() throws java.lang.Exception]]>
              </value>
            </param>
          </params>
          <reporter-output>
          </reporter-output>
        </test-method> <!-- method -->
        <test-method is-config="true" signature="method(java.lang.reflect.Method)[pri:0, instance:Com.SPB.test.FinancialOverview@68e965f5]" started-at="2022-11-04T08:49:01Z" name="method" finished-at="2022-11-04T08:49:01Z" duration-ms="0" status="PASS">
          <params>
            <param index="0">
              <value>
                <![CDATA[public void Com.SPB.test.FinancialOverview.verifyRBCGPNonPercentage() throws java.lang.Exception]]>
              </value>
            </param>
          </params>
          <reporter-output>
          </reporter-output>
        </test-method> <!-- method -->
        <test-method signature="verifyRBCGPNonPercentage()[pri:0, instance:Com.SPB.test.FinancialOverview@68e965f5]" started-at="2022-11-04T08:49:01Z" name="verifyRBCGPNonPercentage" finished-at="2022-11-04T08:50:36Z" duration-ms="95396" status="PASS">
          <reporter-output>
          </reporter-output>
        </test-method> <!-- verifyRBCGPNonPercentage -->
        <test-method is-config="true" signature="method(java.lang.reflect.Method)[pri:0, instance:Com.SPB.test.FinancialOverview@68e965f5]" started-at="2022-11-04T08:50:36Z" name="method" finished-at="2022-11-04T08:50:36Z" duration-ms="1" status="PASS">
          <params>
            <param index="0">
              <value>
                <![CDATA[public void Com.SPB.test.FinancialOverview.verifyRBEGPNonPercentage() throws java.lang.Exception]]>
              </value>
            </param>
          </params>
          <reporter-output>
          </reporter-output>
        </test-method> <!-- method -->
        <test-method signature="verifyRBEGPNonPercentage()[pri:0, instance:Com.SPB.test.FinancialOverview@68e965f5]" started-at="2022-11-04T08:50:36Z" name="verifyRBEGPNonPercentage" finished-at="2022-11-04T08:52:12Z" duration-ms="95550" status="PASS">
          <reporter-output>
          </reporter-output>
        </test-method> <!-- verifyRBEGPNonPercentage -->
        <test-method is-config="true" signature="method(java.lang.reflect.Method)[pri:0, instance:Com.SPB.test.FinancialOverview@68e965f5]" started-at="2022-11-04T08:52:12Z" name="method" finished-at="2022-11-04T08:52:12Z" duration-ms="0" status="PASS">
          <params>
            <param index="0">
              <value>
                <![CDATA[public void Com.SPB.test.FinancialOverview.VerifyProjectEM() throws java.lang.Exception]]>
              </value>
            </param>
          </params>
          <reporter-output>
          </reporter-output>
        </test-method> <!-- method -->
        <test-method signature="VerifyProjectEM()[pri:0, instance:Com.SPB.test.FinancialOverview@68e965f5]" started-at="2022-11-04T08:52:12Z" name="VerifyProjectEM" finished-at="2022-11-04T08:53:37Z" duration-ms="85500" status="FAIL">
          <exception class="org.openqa.selenium.NoSuchElementException">
            <message>
              <![CDATA[no such element: Unable to locate element: {"method":"xpath","selector":"//span[text()=' EM ']//following-sibling::span[@class='item-right-orange']"}
  (Session info: MicrosoftEdge=106.0.1370.42)
For documentation on this error, please visit: https://www.seleniumhq.org/exceptions/no_such_element.html
Build info: version: '3.141.59', revision: 'e82be7d358', time: '2018-11-14T08:17:03'
System info: host: 'LT095011', ip: '10.156.164.22', os.name: 'Windows 10', os.arch: 'amd64', os.version: '10.0', java.version: '16.0.1'
Driver info: org.openqa.selenium.edge.EdgeDriver
Capabilities {acceptInsecureCerts: false, browserName: msedge, browserVersion: 106.0.1370.42, javascriptEnabled: true, ms:edgeOptions: {debuggerAddress: localhost:62710}, msedge: {msedgedriverVersion: 106.0.1370.42 (01c826627559..., userDataDir: C:\Users\J8994868\AppData\L...}, networkConnectionEnabled: false, pageLoadStrategy: normal, platform: WINDOWS, platformName: WINDOWS, proxy: Proxy(), setWindowRect: true, strictFileInteractability: false, timeouts: {implicit: 0, pageLoad: 300000, script: 30000}, unhandledPromptBehavior: dismiss and notify, webauthn:extension:credBlob: true, webauthn:extension:largeBlob: true, webauthn:virtualAuthenticators: true}
Session ID: f20576a8459b8b4283cb963e2b854806
*** Element info: {Using=xpath, value=//span[text()=' EM ']//following-sibling::span[@class='item-right-orange']}]]>
            </message>
            <full-stacktrace>
              <![CDATA[org.openqa.selenium.NoSuchElementException: no such element: Unable to locate element: {"method":"xpath","selector":"//span[text()=' EM ']//following-sibling::span[@class='item-right-orange']"}
  (Session info: MicrosoftEdge=106.0.1370.42)
For documentation on this error, please visit: https://www.seleniumhq.org/exceptions/no_such_element.html
Build info: version: '3.141.59', revision: 'e82be7d358', time: '2018-11-14T08:17:03'
System info: host: 'LT095011', ip: '10.156.164.22', os.name: 'Windows 10', os.arch: 'amd64', os.version: '10.0', java.version: '16.0.1'
Driver info: org.openqa.selenium.edge.EdgeDriver
Capabilities {acceptInsecureCerts: false, browserName: msedge, browserVersion: 106.0.1370.42, javascriptEnabled: true, ms:edgeOptions: {debuggerAddress: localhost:62710}, msedge: {msedgedriverVersion: 106.0.1370.42 (01c826627559..., userDataDir: C:\Users\J8994868\AppData\L...}, networkConnectionEnabled: false, pageLoadStrategy: normal, platform: WINDOWS, platformName: WINDOWS, proxy: Proxy(), setWindowRect: true, strictFileInteractability: false, timeouts: {implicit: 0, pageLoad: 300000, script: 30000}, unhandledPromptBehavior: dismiss and notify, webauthn:extension:credBlob: true, webauthn:extension:largeBlob: true, webauthn:virtualAuthenticators: true}
Session ID: f20576a8459b8b4283cb963e2b854806
*** Element info: {Using=xpath, value=//span[text()=' EM ']//following-sibling::span[@class='item-right-orange']}
at jdk.internal.reflect.GeneratedConstructorAccessor59.newInstance(Unknown Source)
at java.base/jdk.internal.reflect.DelegatingConstructorAccessorImpl.newInstance(DelegatingConstructorAccessorImpl.java:45)
at java.base/java.lang.reflect.Constructor.newInstanceWithCaller(Constructor.java:499)
at java.base/java.lang.reflect.Constructor.newInstance(Constructor.java:480)
at org.openqa.selenium.remote.http.W3CHttpResponseCodec.createException(W3CHttpResponseCodec.java:187)
at org.openqa.selenium.remote.http.W3CHttpResponseCodec.decode(W3CHttpResponseCodec.java:122)
at org.openqa.selenium.remote.http.W3CHttpResponseCodec.decode(W3CHttpResponseCodec.java:49)
at org.openqa.selenium.remote.HttpCommandExecutor.execute(HttpCommandExecutor.java:158)
at org.openqa.selenium.remote.service.DriverCommandExecutor.execute(DriverCommandExecutor.java:83)
at org.openqa.selenium.remote.RemoteWebDriver.execute(RemoteWebDriver.java:552)
at org.openqa.selenium.remote.RemoteWebDriver.findElement(RemoteWebDriver.java:323)
at org.openqa.selenium.remote.RemoteWebDriver.findElementByXPath(RemoteWebDriver.java:428)
at org.openqa.selenium.By$ByXPath.findElement(By.java:353)
at org.openqa.selenium.remote.RemoteWebDriver.findElement(RemoteWebDriver.java:315)
at org.openqa.selenium.support.pagefactory.DefaultElementLocator.findElement(DefaultElementLocator.java:69)
at org.openqa.selenium.support.pagefactory.internal.LocatingElementHandler.invoke(LocatingElementHandler.java:38)
at jdk.proxy2/jdk.proxy2.$Proxy15.getText(Unknown Source)
at Com.SPB.Commands.ActionDriver.GetText(ActionDriver.java:174)
at Com.SPB.PageObjects.ProjectDashboard.readEM(ProjectDashboard.java:566)
at Com.SPB.test.FinancialOverview.VerifyProjectEM(FinancialOverview.java:363)
at java.base/jdk.internal.reflect.NativeMethodAccessorImpl.invoke0(Native Method)
at java.base/jdk.internal.reflect.NativeMethodAccessorImpl.invoke(NativeMethodAccessorImpl.java:78)
at java.base/jdk.internal.reflect.DelegatingMethodAccessorImpl.invoke(DelegatingMethodAccessorImpl.java:43)
at java.base/java.lang.reflect.Method.invoke(Method.java:567)
at org.testng.internal.MethodInvocationHelper.invokeMethod(MethodInvocationHelper.java:124)
at org.testng.internal.Invoker.invokeMethod(Invoker.java:583)
at org.testng.internal.Invoker.invokeTestMethod(Invoker.java:719)
at org.testng.internal.Invoker.invokeTestMethods(Invoker.java:989)
at org.testng.internal.TestMethodWorker.invokeTestMethods(TestMethodWorker.java:125)
at org.testng.internal.TestMethodWorker.run(TestMethodWorker.java:109)
at org.testng.TestRunner.privateRun(TestRunner.java:648)
at org.testng.TestRunner.run(TestRunner.java:505)
at org.testng.SuiteRunner.runTest(SuiteRunner.java:455)
at org.testng.SuiteRunner.runSequentially(SuiteRunner.java:450)
at org.testng.SuiteRunner.privateRun(SuiteRunner.java:415)
at org.testng.SuiteRunner.run(SuiteRunner.java:364)
at org.testng.SuiteRunnerWorker.runSuite(SuiteRunnerWorker.java:52)
at org.testng.SuiteRunnerWorker.run(SuiteRunnerWorker.java:84)
at org.testng.TestNG.runSuitesSequentially(TestNG.java:1208)
at org.testng.TestNG.runSuitesLocally(TestNG.java:1137)
at org.testng.TestNG.runSuites(TestNG.java:1049)
at org.testng.TestNG.run(TestNG.java:1017)
at org.testng.remote.AbstractRemoteTestNG.run(AbstractRemoteTestNG.java:115)
at org.testng.remote.RemoteTestNG.initAndRun(RemoteTestNG.java:251)
at org.testng.remote.RemoteTestNG.main(RemoteTestNG.java:77)
]]>
            </full-stacktrace>
          </exception> <!-- org.openqa.selenium.NoSuchElementException -->
          <reporter-output>
          </reporter-output>
        </test-method> <!-- VerifyProjectEM -->
        <test-method signature="verifyEMGPNonPercentage()[pri:0, instance:Com.SPB.test.FinancialOverview@68e965f5]" started-at="2022-11-04T08:53:37Z" name="verifyEMGPNonPercentage" finished-at="2022-11-04T08:55:23Z" duration-ms="105610" status="FAIL">
          <exception class="org.openqa.selenium.NoSuchElementException">
            <message>
              <![CDATA[no such element: Unable to locate element: {"method":"xpath","selector":"//td[text()=" EM 5 years"]//following-sibling::td[@class='blue-back']"}
  (Session info: MicrosoftEdge=106.0.1370.42)
For documentation on this error, please visit: https://www.seleniumhq.org/exceptions/no_such_element.html
Build info: version: '3.141.59', revision: 'e82be7d358', time: '2018-11-14T08:17:03'
System info: host: 'LT095011', ip: '10.156.164.22', os.name: 'Windows 10', os.arch: 'amd64', os.version: '10.0', java.version: '16.0.1'
Driver info: org.openqa.selenium.edge.EdgeDriver
Capabilities {acceptInsecureCerts: false, browserName: msedge, browserVersion: 106.0.1370.42, javascriptEnabled: true, ms:edgeOptions: {debuggerAddress: localhost:62710}, msedge: {msedgedriverVersion: 106.0.1370.42 (01c826627559..., userDataDir: C:\Users\J8994868\AppData\L...}, networkConnectionEnabled: false, pageLoadStrategy: normal, platform: WINDOWS, platformName: WINDOWS, proxy: Proxy(), setWindowRect: true, strictFileInteractability: false, timeouts: {implicit: 0, pageLoad: 300000, script: 30000}, unhandledPromptBehavior: dismiss and notify, webauthn:extension:credBlob: true, webauthn:extension:largeBlob: true, webauthn:virtualAuthenticators: true}
Session ID: f20576a8459b8b4283cb963e2b854806
*** Element info: {Using=xpath, value=//td[text()=" EM 5 years"]//following-sibling::td[@class='blue-back']}]]>
            </message>
            <full-stacktrace>
              <![CDATA[org.openqa.selenium.NoSuchElementException: no such element: Unable to locate element: {"method":"xpath","selector":"//td[text()=" EM 5 years"]//following-sibling::td[@class='blue-back']"}
  (Session info: MicrosoftEdge=106.0.1370.42)
For documentation on this error, please visit: https://www.seleniumhq.org/exceptions/no_such_element.html
Build info: version: '3.141.59', revision: 'e82be7d358', time: '2018-11-14T08:17:03'
System info: host: 'LT095011', ip: '10.156.164.22', os.name: 'Windows 10', os.arch: 'amd64', os.version: '10.0', java.version: '16.0.1'
Driver info: org.openqa.selenium.edge.EdgeDriver
Capabilities {acceptInsecureCerts: false, browserName: msedge, browserVersion: 106.0.1370.42, javascriptEnabled: true, ms:edgeOptions: {debuggerAddress: localhost:62710}, msedge: {msedgedriverVersion: 106.0.1370.42 (01c826627559..., userDataDir: C:\Users\J8994868\AppData\L...}, networkConnectionEnabled: false, pageLoadStrategy: normal, platform: WINDOWS, platformName: WINDOWS, proxy: Proxy(), setWindowRect: true, strictFileInteractability: false, timeouts: {implicit: 0, pageLoad: 300000, script: 30000}, unhandledPromptBehavior: dismiss and notify, webauthn:extension:credBlob: true, webauthn:extension:largeBlob: true, webauthn:virtualAuthenticators: true}
Session ID: f20576a8459b8b4283cb963e2b854806
*** Element info: {Using=xpath, value=//td[text()=" EM 5 years"]//following-sibling::td[@class='blue-back']}
at jdk.internal.reflect.GeneratedConstructorAccessor59.newInstance(Unknown Source)
at java.base/jdk.internal.reflect.DelegatingConstructorAccessorImpl.newInstance(DelegatingConstructorAccessorImpl.java:45)
at java.base/java.lang.reflect.Constructor.newInstanceWithCaller(Constructor.java:499)
at java.base/java.lang.reflect.Constructor.newInstance(Constructor.java:480)
at org.openqa.selenium.remote.http.W3CHttpResponseCodec.createException(W3CHttpResponseCodec.java:187)
at org.openqa.selenium.remote.http.W3CHttpResponseCodec.decode(W3CHttpResponseCodec.java:122)
at org.openqa.selenium.remote.http.W3CHttpResponseCodec.decode(W3CHttpResponseCodec.java:49)
at org.openqa.selenium.remote.HttpCommandExecutor.execute(HttpCommandExecutor.java:158)
at org.openqa.selenium.remote.service.DriverCommandExecutor.execute(DriverCommandExecutor.java:83)
at org.openqa.selenium.remote.RemoteWebDriver.execute(RemoteWebDriver.java:552)
at org.openqa.selenium.remote.RemoteWebDriver.findElement(RemoteWebDriver.java:323)
at org.openqa.selenium.remote.RemoteWebDriver.findElementByXPath(RemoteWebDriver.java:428)
at org.openqa.selenium.By$ByXPath.findElement(By.java:353)
at org.openqa.selenium.remote.RemoteWebDriver.findElement(RemoteWebDriver.java:315)
at org.openqa.selenium.support.pagefactory.DefaultElementLocator.findElement(DefaultElementLocator.java:69)
at org.openqa.selenium.support.pagefactory.internal.LocatingElementHandler.invoke(LocatingElementHandler.java:38)
at jdk.proxy2/jdk.proxy2.$Proxy15.getText(Unknown Source)
at Com.SPB.Commands.ActionDriver.GetText(ActionDriver.java:174)
at Com.SPB.PageObjects.CostDashboard.readEMNonpercent(CostDashboard.java:808)
at Com.SPB.test.FinancialOverview.verifyEMGPNonPercentage(FinancialOverview.java:397)
at java.base/jdk.internal.reflect.NativeMethodAccessorImpl.invoke0(Native Method)
at java.base/jdk.internal.reflect.NativeMethodAccessorImpl.invoke(NativeMethodAccessorImpl.java:78)
at java.base/jdk.internal.reflect.DelegatingMethodAccessorImpl.invoke(DelegatingMethodAccessorImpl.java:43)
at java.base/java.lang.reflect.Method.invoke(Method.java:567)
at org.testng.internal.MethodInvocationHelper.invokeMethod(MethodInvocationHelper.java:124)
at org.testng.internal.Invoker.invokeMethod(Invoker.java:583)
at org.testng.internal.Invoker.invokeTestMethod(Invoker.java:719)
at org.testng.internal.Invoker.invokeTestMethods(Invoker.java:989)
at org.testng.internal.TestMethodWorker.invokeTestMethods(TestMethodWorker.java:125)
at org.testng.internal.TestMethodWorker.run(TestMethodWorker.java:109)
at org.testng.TestRunner.privateRun(TestRunner.java:648)
at org.testng.TestRunner.run(TestRunner.java:505)
at org.testng.SuiteRunner.runTest(SuiteRunner.java:455)
at org.testng.SuiteRunner.runSequentially(SuiteRunner.java:450)
at org.testng.SuiteRunner.privateRun(SuiteRunner.java:415)
at org.testng.SuiteRunner.run(SuiteRunner.java:364)
at org.testng.SuiteRunnerWorker.runSuite(SuiteRunnerWorker.java:52)
at org.testng.SuiteRunnerWorker.run(SuiteRunnerWorker.java:84)
at org.testng.TestNG.runSuitesSequentially(TestNG.java:1208)
at org.testng.TestNG.runSuitesLocally(TestNG.java:1137)
at org.testng.TestNG.runSuites(TestNG.java:1049)
at org.testng.TestNG.run(TestNG.java:1017)
at org.testng.remote.AbstractRemoteTestNG.run(AbstractRemoteTestNG.java:115)
at org.testng.remote.RemoteTestNG.initAndRun(RemoteTestNG.java:251)
at org.testng.remote.RemoteTestNG.main(RemoteTestNG.java:77)
]]>
            </full-stacktrace>
          </exception> <!-- org.openqa.selenium.NoSuchElementException -->
          <reporter-output>
          </reporter-output>
        </test-method> <!-- verifyEMGPNonPercentage -->
        <test-method is-config="true" signature="method(java.lang.reflect.Method)[pri:0, instance:Com.SPB.test.FinancialOverview@68e965f5]" started-at="2022-11-04T08:53:37Z" name="method" finished-at="2022-11-04T08:53:37Z" duration-ms="0" status="PASS">
          <params>
            <param index="0">
              <value>
                <![CDATA[public void Com.SPB.test.FinancialOverview.verifyEMGPNonPercentage() throws java.lang.Exception]]>
              </value>
            </param>
          </params>
          <reporter-output>
          </reporter-output>
        </test-method> <!-- method -->
        <test-method is-config="true" signature="afterClass()[pri:0, instance:Com.SPB.test.FinancialOverview@68e965f5]" started-at="2022-11-04T08:55:23Z" name="afterClass" finished-at="2022-11-04T08:55:23Z" duration-ms="583" status="PASS">
          <reporter-output>
          </reporter-output>
        </test-method> <!-- afterClass -->
      </class> <!-- Com.SPB.test.FinancialOverview -->
      <class name="Com.SPB.test.VerifyAdministration">
        <test-method is-config="true" signature="beforeClass()[pri:0, instance:Com.SPB.test.VerifyAdministration@6f27a732]" started-at="2022-11-04T08:55:23Z" name="beforeClass" finished-at="2022-11-04T08:55:27Z" duration-ms="3792" status="PASS">
          <reporter-output>
          </reporter-output>
        </test-method> <!-- beforeClass -->
        <test-method is-config="true" signature="method(java.lang.reflect.Method)[pri:0, instance:Com.SPB.test.VerifyAdministration@6f27a732]" started-at="2022-11-04T08:55:27Z" name="method" finished-at="2022-11-04T08:55:27Z" duration-ms="1" status="PASS">
          <params>
            <param index="0">
              <value>
                <![CDATA[public void Com.SPB.test.VerifyAdministration.AddUser() throws java.lang.Exception]]>
              </value>
            </param>
          </params>
          <reporter-output>
          </reporter-output>
        </test-method> <!-- method -->
        <test-method signature="AddUser()[pri:0, instance:Com.SPB.test.VerifyAdministration@6f27a732]" started-at="2022-11-04T08:55:27Z" name="AddUser" finished-at="2022-11-04T08:56:22Z" duration-ms="55073" status="FAIL">
          <exception class="org.openqa.selenium.NoSuchElementException">
            <message>
              <![CDATA[no such element: Unable to locate element: {"method":"xpath","selector":"//span[@class='ng-tns-c1-21 ng-star-inserted' and text()='User']"}
  (Session info: MicrosoftEdge=106.0.1370.42)
For documentation on this error, please visit: https://www.seleniumhq.org/exceptions/no_such_element.html
Build info: version: '3.141.59', revision: 'e82be7d358', time: '2018-11-14T08:17:03'
System info: host: 'LT095011', ip: '10.156.164.22', os.name: 'Windows 10', os.arch: 'amd64', os.version: '10.0', java.version: '16.0.1'
Driver info: org.openqa.selenium.edge.EdgeDriver
Capabilities {acceptInsecureCerts: false, browserName: msedge, browserVersion: 106.0.1370.42, javascriptEnabled: true, ms:edgeOptions: {debuggerAddress: localhost:63707}, msedge: {msedgedriverVersion: 106.0.1370.42 (01c826627559..., userDataDir: C:\Users\J8994868\AppData\L...}, networkConnectionEnabled: false, pageLoadStrategy: normal, platform: WINDOWS, platformName: WINDOWS, proxy: Proxy(), setWindowRect: true, strictFileInteractability: false, timeouts: {implicit: 0, pageLoad: 300000, script: 30000}, unhandledPromptBehavior: dismiss and notify, webauthn:extension:credBlob: true, webauthn:extension:largeBlob: true, webauthn:virtualAuthenticators: true}
Session ID: fd28a726a9fccb2f9e835658a6b1d21a
*** Element info: {Using=xpath, value=//span[@class='ng-tns-c1-21 ng-star-inserted' and text()='User']}]]>
            </message>
            <full-stacktrace>
              <![CDATA[org.openqa.selenium.NoSuchElementException: no such element: Unable to locate element: {"method":"xpath","selector":"//span[@class='ng-tns-c1-21 ng-star-inserted' and text()='User']"}
  (Session info: MicrosoftEdge=106.0.1370.42)
For documentation on this error, please visit: https://www.seleniumhq.org/exceptions/no_such_element.html
Build info: version: '3.141.59', revision: 'e82be7d358', time: '2018-11-14T08:17:03'
System info: host: 'LT095011', ip: '10.156.164.22', os.name: 'Windows 10', os.arch: 'amd64', os.version: '10.0', java.version: '16.0.1'
Driver info: org.openqa.selenium.edge.EdgeDriver
Capabilities {acceptInsecureCerts: false, browserName: msedge, browserVersion: 106.0.1370.42, javascriptEnabled: true, ms:edgeOptions: {debuggerAddress: localhost:63707}, msedge: {msedgedriverVersion: 106.0.1370.42 (01c826627559..., userDataDir: C:\Users\J8994868\AppData\L...}, networkConnectionEnabled: false, pageLoadStrategy: normal, platform: WINDOWS, platformName: WINDOWS, proxy: Proxy(), setWindowRect: true, strictFileInteractability: false, timeouts: {implicit: 0, pageLoad: 300000, script: 30000}, unhandledPromptBehavior: dismiss and notify, webauthn:extension:credBlob: true, webauthn:extension:largeBlob: true, webauthn:virtualAuthenticators: true}
Session ID: fd28a726a9fccb2f9e835658a6b1d21a
*** Element info: {Using=xpath, value=//span[@class='ng-tns-c1-21 ng-star-inserted' and text()='User']}
at jdk.internal.reflect.GeneratedConstructorAccessor59.newInstance(Unknown Source)
at java.base/jdk.internal.reflect.DelegatingConstructorAccessorImpl.newInstance(DelegatingConstructorAccessorImpl.java:45)
at java.base/java.lang.reflect.Constructor.newInstanceWithCaller(Constructor.java:499)
at java.base/java.lang.reflect.Constructor.newInstance(Constructor.java:480)
at org.openqa.selenium.remote.http.W3CHttpResponseCodec.createException(W3CHttpResponseCodec.java:187)
at org.openqa.selenium.remote.http.W3CHttpResponseCodec.decode(W3CHttpResponseCodec.java:122)
at org.openqa.selenium.remote.http.W3CHttpResponseCodec.decode(W3CHttpResponseCodec.java:49)
at org.openqa.selenium.remote.HttpCommandExecutor.execute(HttpCommandExecutor.java:158)
at org.openqa.selenium.remote.service.DriverCommandExecutor.execute(DriverCommandExecutor.java:83)
at org.openqa.selenium.remote.RemoteWebDriver.execute(RemoteWebDriver.java:552)
at org.openqa.selenium.remote.RemoteWebDriver.findElement(RemoteWebDriver.java:323)
at org.openqa.selenium.remote.RemoteWebDriver.findElementByXPath(RemoteWebDriver.java:428)
at org.openqa.selenium.By$ByXPath.findElement(By.java:353)
at org.openqa.selenium.remote.RemoteWebDriver.findElement(RemoteWebDriver.java:315)
at Com.SPB.PageObjects.Administration.CreateUser(Administration.java:139)
at Com.SPB.test.VerifyAdministration.AddUser(VerifyAdministration.java:34)
at java.base/jdk.internal.reflect.NativeMethodAccessorImpl.invoke0(Native Method)
at java.base/jdk.internal.reflect.NativeMethodAccessorImpl.invoke(NativeMethodAccessorImpl.java:78)
at java.base/jdk.internal.reflect.DelegatingMethodAccessorImpl.invoke(DelegatingMethodAccessorImpl.java:43)
at java.base/java.lang.reflect.Method.invoke(Method.java:567)
at org.testng.internal.MethodInvocationHelper.invokeMethod(MethodInvocationHelper.java:124)
at org.testng.internal.Invoker.invokeMethod(Invoker.java:583)
at org.testng.internal.Invoker.invokeTestMethod(Invoker.java:719)
at org.testng.internal.Invoker.invokeTestMethods(Invoker.java:989)
at org.testng.internal.TestMethodWorker.invokeTestMethods(TestMethodWorker.java:125)
at org.testng.internal.TestMethodWorker.run(TestMethodWorker.java:109)
at org.testng.TestRunner.privateRun(TestRunner.java:648)
at org.testng.TestRunner.run(TestRunner.java:505)
at org.testng.SuiteRunner.runTest(SuiteRunner.java:455)
at org.testng.SuiteRunner.runSequentially(SuiteRunner.java:450)
at org.testng.SuiteRunner.privateRun(SuiteRunner.java:415)
at org.testng.SuiteRunner.run(SuiteRunner.java:364)
at org.testng.SuiteRunnerWorker.runSuite(SuiteRunnerWorker.java:52)
at org.testng.SuiteRunnerWorker.run(SuiteRunnerWorker.java:84)
at org.testng.TestNG.runSuitesSequentially(TestNG.java:1208)
at org.testng.TestNG.runSuitesLocally(TestNG.java:1137)
at org.testng.TestNG.runSuites(TestNG.java:1049)
at org.testng.TestNG.run(TestNG.java:1017)
at org.testng.remote.AbstractRemoteTestNG.run(AbstractRemoteTestNG.java:115)
at org.testng.remote.RemoteTestNG.initAndRun(RemoteTestNG.java:251)
at org.testng.remote.RemoteTestNG.main(RemoteTestNG.java:77)
]]>
            </full-stacktrace>
          </exception> <!-- org.openqa.selenium.NoSuchElementException -->
          <reporter-output>
          </reporter-output>
        </test-method> <!-- AddUser -->
        <test-method is-config="true" signature="method(java.lang.reflect.Method)[pri:0, instance:Com.SPB.test.VerifyAdministration@6f27a732]" started-at="2022-11-04T08:56:22Z" name="method" finished-at="2022-11-04T08:56:22Z" duration-ms="1" status="PASS">
          <params>
            <param index="0">
              <value>
                <![CDATA[public void Com.SPB.test.VerifyAdministration.SearchUser() throws java.lang.Exception]]>
              </value>
            </param>
          </params>
          <reporter-output>
          </reporter-output>
        </test-method> <!-- method -->
        <test-method signature="SearchUser()[pri:0, instance:Com.SPB.test.VerifyAdministration@6f27a732]" started-at="2022-11-04T08:56:22Z" name="SearchUser" finished-at="2022-11-04T08:57:05Z" duration-ms="42232" status="FAIL">
          <exception class="org.openqa.selenium.NoSuchElementException">
            <message>
              <![CDATA[no such element: Unable to locate element: {"method":"xpath","selector":"(//td[text()='Kanchan'])[1]//following-sibling::td//span[text()='Action']"}
  (Session info: MicrosoftEdge=106.0.1370.42)
For documentation on this error, please visit: https://www.seleniumhq.org/exceptions/no_such_element.html
Build info: version: '3.141.59', revision: 'e82be7d358', time: '2018-11-14T08:17:03'
System info: host: 'LT095011', ip: '10.156.164.22', os.name: 'Windows 10', os.arch: 'amd64', os.version: '10.0', java.version: '16.0.1'
Driver info: org.openqa.selenium.edge.EdgeDriver
Capabilities {acceptInsecureCerts: false, browserName: msedge, browserVersion: 106.0.1370.42, javascriptEnabled: true, ms:edgeOptions: {debuggerAddress: localhost:63707}, msedge: {msedgedriverVersion: 106.0.1370.42 (01c826627559..., userDataDir: C:\Users\J8994868\AppData\L...}, networkConnectionEnabled: false, pageLoadStrategy: normal, platform: WINDOWS, platformName: WINDOWS, proxy: Proxy(), setWindowRect: true, strictFileInteractability: false, timeouts: {implicit: 0, pageLoad: 300000, script: 30000}, unhandledPromptBehavior: dismiss and notify, webauthn:extension:credBlob: true, webauthn:extension:largeBlob: true, webauthn:virtualAuthenticators: true}
Session ID: fd28a726a9fccb2f9e835658a6b1d21a
*** Element info: {Using=xpath, value=(//td[text()='Kanchan'])[1]//following-sibling::td//span[text()='Action']}]]>
            </message>
            <full-stacktrace>
              <![CDATA[org.openqa.selenium.NoSuchElementException: no such element: Unable to locate element: {"method":"xpath","selector":"(//td[text()='Kanchan'])[1]//following-sibling::td//span[text()='Action']"}
  (Session info: MicrosoftEdge=106.0.1370.42)
For documentation on this error, please visit: https://www.seleniumhq.org/exceptions/no_such_element.html
Build info: version: '3.141.59', revision: 'e82be7d358', time: '2018-11-14T08:17:03'
System info: host: 'LT095011', ip: '10.156.164.22', os.name: 'Windows 10', os.arch: 'amd64', os.version: '10.0', java.version: '16.0.1'
Driver info: org.openqa.selenium.edge.EdgeDriver
Capabilities {acceptInsecureCerts: false, browserName: msedge, browserVersion: 106.0.1370.42, javascriptEnabled: true, ms:edgeOptions: {debuggerAddress: localhost:63707}, msedge: {msedgedriverVersion: 106.0.1370.42 (01c826627559..., userDataDir: C:\Users\J8994868\AppData\L...}, networkConnectionEnabled: false, pageLoadStrategy: normal, platform: WINDOWS, platformName: WINDOWS, proxy: Proxy(), setWindowRect: true, strictFileInteractability: false, timeouts: {implicit: 0, pageLoad: 300000, script: 30000}, unhandledPromptBehavior: dismiss and notify, webauthn:extension:credBlob: true, webauthn:extension:largeBlob: true, webauthn:virtualAuthenticators: true}
Session ID: fd28a726a9fccb2f9e835658a6b1d21a
*** Element info: {Using=xpath, value=(//td[text()='Kanchan'])[1]//following-sibling::td//span[text()='Action']}
at jdk.internal.reflect.GeneratedConstructorAccessor59.newInstance(Unknown Source)
at java.base/jdk.internal.reflect.DelegatingConstructorAccessorImpl.newInstance(DelegatingConstructorAccessorImpl.java:45)
at java.base/java.lang.reflect.Constructor.newInstanceWithCaller(Constructor.java:499)
at java.base/java.lang.reflect.Constructor.newInstance(Constructor.java:480)
at org.openqa.selenium.remote.http.W3CHttpResponseCodec.createException(W3CHttpResponseCodec.java:187)
at org.openqa.selenium.remote.http.W3CHttpResponseCodec.decode(W3CHttpResponseCodec.java:122)
at org.openqa.selenium.remote.http.W3CHttpResponseCodec.decode(W3CHttpResponseCodec.java:49)
at org.openqa.selenium.remote.HttpCommandExecutor.execute(HttpCommandExecutor.java:158)
at org.openqa.selenium.remote.service.DriverCommandExecutor.execute(DriverCommandExecutor.java:83)
at org.openqa.selenium.remote.RemoteWebDriver.execute(RemoteWebDriver.java:552)
at org.openqa.selenium.remote.RemoteWebDriver.findElement(RemoteWebDriver.java:323)
at org.openqa.selenium.remote.RemoteWebDriver.findElementByXPath(RemoteWebDriver.java:428)
at org.openqa.selenium.By$ByXPath.findElement(By.java:353)
at org.openqa.selenium.remote.RemoteWebDriver.findElement(RemoteWebDriver.java:315)
at Com.SPB.PageObjects.Administration.GlobalSearchUser(Administration.java:201)
at Com.SPB.test.VerifyAdministration.SearchUser(VerifyAdministration.java:63)
at java.base/jdk.internal.reflect.NativeMethodAccessorImpl.invoke0(Native Method)
at java.base/jdk.internal.reflect.NativeMethodAccessorImpl.invoke(NativeMethodAccessorImpl.java:78)
at java.base/jdk.internal.reflect.DelegatingMethodAccessorImpl.invoke(DelegatingMethodAccessorImpl.java:43)
at java.base/java.lang.reflect.Method.invoke(Method.java:567)
at org.testng.internal.MethodInvocationHelper.invokeMethod(MethodInvocationHelper.java:124)
at org.testng.internal.Invoker.invokeMethod(Invoker.java:583)
at org.testng.internal.Invoker.invokeTestMethod(Invoker.java:719)
at org.testng.internal.Invoker.invokeTestMethods(Invoker.java:989)
at org.testng.internal.TestMethodWorker.invokeTestMethods(TestMethodWorker.java:125)
at org.testng.internal.TestMethodWorker.run(TestMethodWorker.java:109)
at org.testng.TestRunner.privateRun(TestRunner.java:648)
at org.testng.TestRunner.run(TestRunner.java:505)
at org.testng.SuiteRunner.runTest(SuiteRunner.java:455)
at org.testng.SuiteRunner.runSequentially(SuiteRunner.java:450)
at org.testng.SuiteRunner.privateRun(SuiteRunner.java:415)
at org.testng.SuiteRunner.run(SuiteRunner.java:364)
at org.testng.SuiteRunnerWorker.runSuite(SuiteRunnerWorker.java:52)
at org.testng.SuiteRunnerWorker.run(SuiteRunnerWorker.java:84)
at org.testng.TestNG.runSuitesSequentially(TestNG.java:1208)
at org.testng.TestNG.runSuitesLocally(TestNG.java:1137)
at org.testng.TestNG.runSuites(TestNG.java:1049)
at org.testng.TestNG.run(TestNG.java:1017)
at org.testng.remote.AbstractRemoteTestNG.run(AbstractRemoteTestNG.java:115)
at org.testng.remote.RemoteTestNG.initAndRun(RemoteTestNG.java:251)
at org.testng.remote.RemoteTestNG.main(RemoteTestNG.java:77)
]]>
            </full-stacktrace>
          </exception> <!-- org.openqa.selenium.NoSuchElementException -->
          <reporter-output>
          </reporter-output>
        </test-method> <!-- SearchUser -->
        <test-method is-config="true" signature="method(java.lang.reflect.Method)[pri:0, instance:Com.SPB.test.VerifyAdministration@6f27a732]" started-at="2022-11-04T08:57:05Z" name="method" finished-at="2022-11-04T08:57:05Z" duration-ms="1" status="PASS">
          <params>
            <param index="0">
              <value>
                <![CDATA[public void Com.SPB.test.VerifyAdministration.ActionEdit() throws java.lang.Exception]]>
              </value>
            </param>
          </params>
          <reporter-output>
          </reporter-output>
        </test-method> <!-- method -->
        <test-method signature="ActionEdit()[pri:0, instance:Com.SPB.test.VerifyAdministration@6f27a732]" started-at="2022-11-04T08:57:05Z" name="ActionEdit" finished-at="2022-11-04T08:57:52Z" duration-ms="47171" status="FAIL">
          <exception class="org.openqa.selenium.NoSuchElementException">
            <message>
              <![CDATA[no such element: Unable to locate element: {"method":"xpath","selector":"(//td[text()='Kanchan'])[1]//following-sibling::td//span[text()='Action']"}
  (Session info: MicrosoftEdge=106.0.1370.42)
For documentation on this error, please visit: https://www.seleniumhq.org/exceptions/no_such_element.html
Build info: version: '3.141.59', revision: 'e82be7d358', time: '2018-11-14T08:17:03'
System info: host: 'LT095011', ip: '10.156.164.22', os.name: 'Windows 10', os.arch: 'amd64', os.version: '10.0', java.version: '16.0.1'
Driver info: org.openqa.selenium.edge.EdgeDriver
Capabilities {acceptInsecureCerts: false, browserName: msedge, browserVersion: 106.0.1370.42, javascriptEnabled: true, ms:edgeOptions: {debuggerAddress: localhost:63707}, msedge: {msedgedriverVersion: 106.0.1370.42 (01c826627559..., userDataDir: C:\Users\J8994868\AppData\L...}, networkConnectionEnabled: false, pageLoadStrategy: normal, platform: WINDOWS, platformName: WINDOWS, proxy: Proxy(), setWindowRect: true, strictFileInteractability: false, timeouts: {implicit: 0, pageLoad: 300000, script: 30000}, unhandledPromptBehavior: dismiss and notify, webauthn:extension:credBlob: true, webauthn:extension:largeBlob: true, webauthn:virtualAuthenticators: true}
Session ID: fd28a726a9fccb2f9e835658a6b1d21a
*** Element info: {Using=xpath, value=(//td[text()='Kanchan'])[1]//following-sibling::td//span[text()='Action']}]]>
            </message>
            <full-stacktrace>
              <![CDATA[org.openqa.selenium.NoSuchElementException: no such element: Unable to locate element: {"method":"xpath","selector":"(//td[text()='Kanchan'])[1]//following-sibling::td//span[text()='Action']"}
  (Session info: MicrosoftEdge=106.0.1370.42)
For documentation on this error, please visit: https://www.seleniumhq.org/exceptions/no_such_element.html
Build info: version: '3.141.59', revision: 'e82be7d358', time: '2018-11-14T08:17:03'
System info: host: 'LT095011', ip: '10.156.164.22', os.name: 'Windows 10', os.arch: 'amd64', os.version: '10.0', java.version: '16.0.1'
Driver info: org.openqa.selenium.edge.EdgeDriver
Capabilities {acceptInsecureCerts: false, browserName: msedge, browserVersion: 106.0.1370.42, javascriptEnabled: true, ms:edgeOptions: {debuggerAddress: localhost:63707}, msedge: {msedgedriverVersion: 106.0.1370.42 (01c826627559..., userDataDir: C:\Users\J8994868\AppData\L...}, networkConnectionEnabled: false, pageLoadStrategy: normal, platform: WINDOWS, platformName: WINDOWS, proxy: Proxy(), setWindowRect: true, strictFileInteractability: false, timeouts: {implicit: 0, pageLoad: 300000, script: 30000}, unhandledPromptBehavior: dismiss and notify, webauthn:extension:credBlob: true, webauthn:extension:largeBlob: true, webauthn:virtualAuthenticators: true}
Session ID: fd28a726a9fccb2f9e835658a6b1d21a
*** Element info: {Using=xpath, value=(//td[text()='Kanchan'])[1]//following-sibling::td//span[text()='Action']}
at jdk.internal.reflect.GeneratedConstructorAccessor59.newInstance(Unknown Source)
at java.base/jdk.internal.reflect.DelegatingConstructorAccessorImpl.newInstance(DelegatingConstructorAccessorImpl.java:45)
at java.base/java.lang.reflect.Constructor.newInstanceWithCaller(Constructor.java:499)
at java.base/java.lang.reflect.Constructor.newInstance(Constructor.java:480)
at org.openqa.selenium.remote.http.W3CHttpResponseCodec.createException(W3CHttpResponseCodec.java:187)
at org.openqa.selenium.remote.http.W3CHttpResponseCodec.decode(W3CHttpResponseCodec.java:122)
at org.openqa.selenium.remote.http.W3CHttpResponseCodec.decode(W3CHttpResponseCodec.java:49)
at org.openqa.selenium.remote.HttpCommandExecutor.execute(HttpCommandExecutor.java:158)
at org.openqa.selenium.remote.service.DriverCommandExecutor.execute(DriverCommandExecutor.java:83)
at org.openqa.selenium.remote.RemoteWebDriver.execute(RemoteWebDriver.java:552)
at org.openqa.selenium.remote.RemoteWebDriver.findElement(RemoteWebDriver.java:323)
at org.openqa.selenium.remote.RemoteWebDriver.findElementByXPath(RemoteWebDriver.java:428)
at org.openqa.selenium.By$ByXPath.findElement(By.java:353)
at org.openqa.selenium.remote.RemoteWebDriver.findElement(RemoteWebDriver.java:315)
at Com.SPB.PageObjects.Administration.ActionbuttonEdit(Administration.java:217)
at Com.SPB.test.VerifyAdministration.ActionEdit(VerifyAdministration.java:78)
at java.base/jdk.internal.reflect.NativeMethodAccessorImpl.invoke0(Native Method)
at java.base/jdk.internal.reflect.NativeMethodAccessorImpl.invoke(NativeMethodAccessorImpl.java:78)
at java.base/jdk.internal.reflect.DelegatingMethodAccessorImpl.invoke(DelegatingMethodAccessorImpl.java:43)
at java.base/java.lang.reflect.Method.invoke(Method.java:567)
at org.testng.internal.MethodInvocationHelper.invokeMethod(MethodInvocationHelper.java:124)
at org.testng.internal.Invoker.invokeMethod(Invoker.java:583)
at org.testng.internal.Invoker.invokeTestMethod(Invoker.java:719)
at org.testng.internal.Invoker.invokeTestMethods(Invoker.java:989)
at org.testng.internal.TestMethodWorker.invokeTestMethods(TestMethodWorker.java:125)
at org.testng.internal.TestMethodWorker.run(TestMethodWorker.java:109)
at org.testng.TestRunner.privateRun(TestRunner.java:648)
at org.testng.TestRunner.run(TestRunner.java:505)
at org.testng.SuiteRunner.runTest(SuiteRunner.java:455)
at org.testng.SuiteRunner.runSequentially(SuiteRunner.java:450)
at org.testng.SuiteRunner.privateRun(SuiteRunner.java:415)
at org.testng.SuiteRunner.run(SuiteRunner.java:364)
at org.testng.SuiteRunnerWorker.runSuite(SuiteRunnerWorker.java:52)
at org.testng.SuiteRunnerWorker.run(SuiteRunnerWorker.java:84)
at org.testng.TestNG.runSuitesSequentially(TestNG.java:1208)
at org.testng.TestNG.runSuitesLocally(TestNG.java:1137)
at org.testng.TestNG.runSuites(TestNG.java:1049)
at org.testng.TestNG.run(TestNG.java:1017)
at org.testng.remote.AbstractRemoteTestNG.run(AbstractRemoteTestNG.java:115)
at org.testng.remote.RemoteTestNG.initAndRun(RemoteTestNG.java:251)
at org.testng.remote.RemoteTestNG.main(RemoteTestNG.java:77)
]]>
            </full-stacktrace>
          </exception> <!-- org.openqa.selenium.NoSuchElementException -->
          <reporter-output>
          </reporter-output>
        </test-method> <!-- ActionEdit -->
        <test-method is-config="true" signature="method(java.lang.reflect.Method)[pri:0, instance:Com.SPB.test.VerifyAdministration@6f27a732]" started-at="2022-11-04T08:57:52Z" name="method" finished-at="2022-11-04T08:57:52Z" duration-ms="1" status="PASS">
          <params>
            <param index="0">
              <value>
                <![CDATA[public void Com.SPB.test.VerifyAdministration.ActionDelete() throws java.lang.Exception]]>
              </value>
            </param>
          </params>
          <reporter-output>
          </reporter-output>
        </test-method> <!-- method -->
        <test-method signature="ActionDelete()[pri:0, instance:Com.SPB.test.VerifyAdministration@6f27a732]" started-at="2022-11-04T08:57:52Z" name="ActionDelete" finished-at="2022-11-04T08:58:32Z" duration-ms="40010" status="FAIL">
          <exception class="org.openqa.selenium.NoSuchElementException">
            <message>
              <![CDATA[no such element: Unable to locate element: {"method":"xpath","selector":"(//td[text()='Kanchan'])[1]//following-sibling::td//span[text()='Action']"}
  (Session info: MicrosoftEdge=106.0.1370.42)
For documentation on this error, please visit: https://www.seleniumhq.org/exceptions/no_such_element.html
Build info: version: '3.141.59', revision: 'e82be7d358', time: '2018-11-14T08:17:03'
System info: host: 'LT095011', ip: '10.156.164.22', os.name: 'Windows 10', os.arch: 'amd64', os.version: '10.0', java.version: '16.0.1'
Driver info: org.openqa.selenium.edge.EdgeDriver
Capabilities {acceptInsecureCerts: false, browserName: msedge, browserVersion: 106.0.1370.42, javascriptEnabled: true, ms:edgeOptions: {debuggerAddress: localhost:63707}, msedge: {msedgedriverVersion: 106.0.1370.42 (01c826627559..., userDataDir: C:\Users\J8994868\AppData\L...}, networkConnectionEnabled: false, pageLoadStrategy: normal, platform: WINDOWS, platformName: WINDOWS, proxy: Proxy(), setWindowRect: true, strictFileInteractability: false, timeouts: {implicit: 0, pageLoad: 300000, script: 30000}, unhandledPromptBehavior: dismiss and notify, webauthn:extension:credBlob: true, webauthn:extension:largeBlob: true, webauthn:virtualAuthenticators: true}
Session ID: fd28a726a9fccb2f9e835658a6b1d21a
*** Element info: {Using=xpath, value=(//td[text()='Kanchan'])[1]//following-sibling::td//span[text()='Action']}]]>
            </message>
            <full-stacktrace>
              <![CDATA[org.openqa.selenium.NoSuchElementException: no such element: Unable to locate element: {"method":"xpath","selector":"(//td[text()='Kanchan'])[1]//following-sibling::td//span[text()='Action']"}
  (Session info: MicrosoftEdge=106.0.1370.42)
For documentation on this error, please visit: https://www.seleniumhq.org/exceptions/no_such_element.html
Build info: version: '3.141.59', revision: 'e82be7d358', time: '2018-11-14T08:17:03'
System info: host: 'LT095011', ip: '10.156.164.22', os.name: 'Windows 10', os.arch: 'amd64', os.version: '10.0', java.version: '16.0.1'
Driver info: org.openqa.selenium.edge.EdgeDriver
Capabilities {acceptInsecureCerts: false, browserName: msedge, browserVersion: 106.0.1370.42, javascriptEnabled: true, ms:edgeOptions: {debuggerAddress: localhost:63707}, msedge: {msedgedriverVersion: 106.0.1370.42 (01c826627559..., userDataDir: C:\Users\J8994868\AppData\L...}, networkConnectionEnabled: false, pageLoadStrategy: normal, platform: WINDOWS, platformName: WINDOWS, proxy: Proxy(), setWindowRect: true, strictFileInteractability: false, timeouts: {implicit: 0, pageLoad: 300000, script: 30000}, unhandledPromptBehavior: dismiss and notify, webauthn:extension:credBlob: true, webauthn:extension:largeBlob: true, webauthn:virtualAuthenticators: true}
Session ID: fd28a726a9fccb2f9e835658a6b1d21a
*** Element info: {Using=xpath, value=(//td[text()='Kanchan'])[1]//following-sibling::td//span[text()='Action']}
at jdk.internal.reflect.GeneratedConstructorAccessor59.newInstance(Unknown Source)
at java.base/jdk.internal.reflect.DelegatingConstructorAccessorImpl.newInstance(DelegatingConstructorAccessorImpl.java:45)
at java.base/java.lang.reflect.Constructor.newInstanceWithCaller(Constructor.java:499)
at java.base/java.lang.reflect.Constructor.newInstance(Constructor.java:480)
at org.openqa.selenium.remote.http.W3CHttpResponseCodec.createException(W3CHttpResponseCodec.java:187)
at org.openqa.selenium.remote.http.W3CHttpResponseCodec.decode(W3CHttpResponseCodec.java:122)
at org.openqa.selenium.remote.http.W3CHttpResponseCodec.decode(W3CHttpResponseCodec.java:49)
at org.openqa.selenium.remote.HttpCommandExecutor.execute(HttpCommandExecutor.java:158)
at org.openqa.selenium.remote.service.DriverCommandExecutor.execute(DriverCommandExecutor.java:83)
at org.openqa.selenium.remote.RemoteWebDriver.execute(RemoteWebDriver.java:552)
at org.openqa.selenium.remote.RemoteWebDriver.findElement(RemoteWebDriver.java:323)
at org.openqa.selenium.remote.RemoteWebDriver.findElementByXPath(RemoteWebDriver.java:428)
at org.openqa.selenium.By$ByXPath.findElement(By.java:353)
at org.openqa.selenium.remote.RemoteWebDriver.findElement(RemoteWebDriver.java:315)
at Com.SPB.PageObjects.Administration.ActionbuttonDelete(Administration.java:240)
at Com.SPB.test.VerifyAdministration.ActionDelete(VerifyAdministration.java:106)
at java.base/jdk.internal.reflect.NativeMethodAccessorImpl.invoke0(Native Method)
at java.base/jdk.internal.reflect.NativeMethodAccessorImpl.invoke(NativeMethodAccessorImpl.java:78)
at java.base/jdk.internal.reflect.DelegatingMethodAccessorImpl.invoke(DelegatingMethodAccessorImpl.java:43)
at java.base/java.lang.reflect.Method.invoke(Method.java:567)
at org.testng.internal.MethodInvocationHelper.invokeMethod(MethodInvocationHelper.java:124)
at org.testng.internal.Invoker.invokeMethod(Invoker.java:583)
at org.testng.internal.Invoker.invokeTestMethod(Invoker.java:719)
at org.testng.internal.Invoker.invokeTestMethods(Invoker.java:989)
at org.testng.internal.TestMethodWorker.invokeTestMethods(TestMethodWorker.java:125)
at org.testng.internal.TestMethodWorker.run(TestMethodWorker.java:109)
at org.testng.TestRunner.privateRun(TestRunner.java:648)
at org.testng.TestRunner.run(TestRunner.java:505)
at org.testng.SuiteRunner.runTest(SuiteRunner.java:455)
at org.testng.SuiteRunner.runSequentially(SuiteRunner.java:450)
at org.testng.SuiteRunner.privateRun(SuiteRunner.java:415)
at org.testng.SuiteRunner.run(SuiteRunner.java:364)
at org.testng.SuiteRunnerWorker.runSuite(SuiteRunnerWorker.java:52)
at org.testng.SuiteRunnerWorker.run(SuiteRunnerWorker.java:84)
at org.testng.TestNG.runSuitesSequentially(TestNG.java:1208)
at org.testng.TestNG.runSuitesLocally(TestNG.java:1137)
at org.testng.TestNG.runSuites(TestNG.java:1049)
at org.testng.TestNG.run(TestNG.java:1017)
at org.testng.remote.AbstractRemoteTestNG.run(AbstractRemoteTestNG.java:115)
at org.testng.remote.RemoteTestNG.initAndRun(RemoteTestNG.java:251)
at org.testng.remote.RemoteTestNG.main(RemoteTestNG.java:77)
]]>
            </full-stacktrace>
          </exception> <!-- org.openqa.selenium.NoSuchElementException -->
          <reporter-output>
          </reporter-output>
        </test-method> <!-- ActionDelete -->
        <test-method is-config="true" signature="afterClass()[pri:0, instance:Com.SPB.test.VerifyAdministration@6f27a732]" started-at="2022-11-04T08:58:32Z" name="afterClass" finished-at="2022-11-04T08:58:32Z" duration-ms="336" status="PASS">
          <reporter-output>
          </reporter-output>
        </test-method> <!-- afterClass -->
      </class> <!-- Com.SPB.test.VerifyAdministration -->
      <class name="Com.SPB.test.VerifyValidation">
        <test-method is-config="true" signature="beforeClass()[pri:0, instance:Com.SPB.test.VerifyValidation@1fb700ee]" started-at="2022-11-04T07:53:57Z" name="beforeClass" finished-at="2022-11-04T07:54:01Z" duration-ms="3895" status="PASS">
          <reporter-output>
          </reporter-output>
        </test-method> <!-- beforeClass -->
        <test-method is-config="true" signature="method(java.lang.reflect.Method)[pri:0, instance:Com.SPB.test.VerifyValidation@1fb700ee]" started-at="2022-11-04T07:54:01Z" name="method" finished-at="2022-11-04T07:54:01Z" duration-ms="0" status="PASS">
          <params>
            <param index="0">
              <value>
                <![CDATA[public void Com.SPB.test.VerifyValidation.verifyOpenButtonMyPending() throws java.lang.Exception]]>
              </value>
            </param>
          </params>
          <reporter-output>
          </reporter-output>
        </test-method> <!-- method -->
        <test-method signature="verifyOpenButtonMyPending()[pri:0, instance:Com.SPB.test.VerifyValidation@1fb700ee]" started-at="2022-11-04T07:54:01Z" name="verifyOpenButtonMyPending" finished-at="2022-11-04T07:55:00Z" duration-ms="58884" status="PASS">
          <reporter-output>
          </reporter-output>
        </test-method> <!-- verifyOpenButtonMyPending -->
        <test-method is-config="true" signature="method(java.lang.reflect.Method)[pri:0, instance:Com.SPB.test.VerifyValidation@1fb700ee]" started-at="2022-11-04T07:55:00Z" name="method" finished-at="2022-11-04T07:55:00Z" duration-ms="0" status="PASS">
          <params>
            <param index="0">
              <value>
                <![CDATA[public void Com.SPB.test.VerifyValidation.verifyOpenButtonAllProject() throws java.lang.Exception]]>
              </value>
            </param>
          </params>
          <reporter-output>
          </reporter-output>
        </test-method> <!-- method -->
        <test-method signature="verifyOpenButtonAllProject()[pri:0, instance:Com.SPB.test.VerifyValidation@1fb700ee]" started-at="2022-11-04T07:55:00Z" name="verifyOpenButtonAllProject" finished-at="2022-11-04T07:56:14Z" duration-ms="73561" status="PASS">
          <reporter-output>
          </reporter-output>
        </test-method> <!-- verifyOpenButtonAllProject -->
        <test-method is-config="true" signature="afterClass()[pri:0, instance:Com.SPB.test.VerifyValidation@1fb700ee]" started-at="2022-11-04T07:56:14Z" name="afterClass" finished-at="2022-11-04T07:56:14Z" duration-ms="526" status="PASS">
          <reporter-output>
          </reporter-output>
        </test-method> <!-- afterClass -->
      </class> <!-- Com.SPB.test.VerifyValidation -->
      <class name="Com.SPB.test.MarketingGuideLines">
        <test-method is-config="true" signature="beforeClass()[pri:0, instance:Com.SPB.test.MarketingGuideLines@46fa7c39]" started-at="2022-11-04T07:53:03Z" name="beforeClass" finished-at="2022-11-04T07:53:07Z" duration-ms="3941" status="PASS">
          <reporter-output>
          </reporter-output>
        </test-method> <!-- beforeClass -->
        <test-method signature="MarktingGuidelines()[pri:0, instance:Com.SPB.test.MarketingGuideLines@46fa7c39]" started-at="2022-11-04T07:53:07Z" name="MarktingGuidelines" finished-at="2022-11-04T07:53:57Z" duration-ms="50203" status="PASS">
          <reporter-output>
          </reporter-output>
[...]
Session ID: 1add2da282576de153c4525d7fb47774
*** Element info: {Using=xpath, value=(//td[text()=" Dev. Cost ('000)"])[2]//following-sibling::td[@style='text-align: center'][2]}]]>
            </message>
            <full-stacktrace>
              <![CDATA[org.openqa.selenium.NoSuchElementException: no such element: Unable to locate element: {"method":"xpath","selector":"(//td[text()=" Dev. Cost ('000)"])[2]//following-sibling::td[@style='text-align: center'][2]"}
  (Session info: MicrosoftEdge=106.0.1370.42)
For documentation on this error, please visit: https://www.seleniumhq.org/exceptions/no_such_element.html
Build info: version: '3.141.59', revision: 'e82be7d358', time: '2018-11-14T08:17:03'
System info: host: 'LT095011', ip: '10.156.164.22', os.name: 'Windows 10', os.arch: 'amd64', os.version: '10.0', java.version: '16.0.1'
Driver info: org.openqa.selenium.edge.EdgeDriver
Capabilities {acceptInsecureCerts: false, browserName: msedge, browserVersion: 106.0.1370.42, javascriptEnabled: true, ms:edgeOptions: {debuggerAddress: localhost:61196}, msedge: {msedgedriverVersion: 106.0.1370.42 (01c826627559..., userDataDir: C:\Users\J8994868\AppData\L...}, networkConnectionEnabled: false, pageLoadStrategy: normal, platform: WINDOWS, platformName: WINDOWS, proxy: Proxy(), setWindowRect: true, strictFileInteractability: false, timeouts: {implicit: 0, pageLoad: 300000, script: 30000}, unhandledPromptBehavior: dismiss and notify, webauthn:extension:credBlob: true, webauthn:extension:largeBlob: true, webauthn:virtualAuthenticators: true}
Session ID: 1add2da282576de153c4525d7fb47774
*** Element info: {Using=xpath, value=(//td[text()=" Dev. Cost ('000)"])[2]//following-sibling::td[@style='text-align: center'][2]}
at jdk.internal.reflect.GeneratedConstructorAccessor59.newInstance(Unknown Source)
at java.base/jdk.internal.reflect.DelegatingConstructorAccessorImpl.newInstance(DelegatingConstructorAccessorImpl.java:45)
at java.base/java.lang.reflect.Constructor.newInstanceWithCaller(Constructor.java:499)
at java.base/java.lang.reflect.Constructor.newInstance(Constructor.java:480)
at org.openqa.selenium.remote.http.W3CHttpResponseCodec.createException(W3CHttpResponseCodec.java:187)
at org.openqa.selenium.remote.http.W3CHttpResponseCodec.decode(W3CHttpResponseCodec.java:122)
at org.openqa.selenium.remote.http.W3CHttpResponseCodec.decode(W3CHttpResponseCodec.java:49)
at org.openqa.selenium.remote.HttpCommandExecutor.execute(HttpCommandExecutor.java:158)
at org.openqa.selenium.remote.service.DriverCommandExecutor.execute(DriverCommandExecutor.java:83)
at org.openqa.selenium.remote.RemoteWebDriver.execute(RemoteWebDriver.java:552)
at org.openqa.selenium.remote.RemoteWebDriver.findElement(RemoteWebDriver.java:323)
at org.openqa.selenium.remote.RemoteWebDriver.findElementByXPath(RemoteWebDriver.java:428)
at org.openqa.selenium.By$ByXPath.findElement(By.java:353)
at org.openqa.selenium.remote.RemoteWebDriver.findElement(RemoteWebDriver.java:315)
at org.openqa.selenium.support.pagefactory.DefaultElementLocator.findElement(DefaultElementLocator.java:69)
at org.openqa.selenium.support.pagefactory.internal.LocatingElementHandler.invoke(LocatingElementHandler.java:38)
at jdk.proxy2/jdk.proxy2.$Proxy15.getText(Unknown Source)
at Com.SPB.Commands.ActionDriver.GetText(ActionDriver.java:174)
at Com.SPB.PageObjects.CostDashboard.readDevCost(CostDashboard.java:675)
at Com.SPB.test.Simulation.verifyDevCost(Simulation.java:762)
at java.base/jdk.internal.reflect.NativeMethodAccessorImpl.invoke0(Native Method)
at java.base/jdk.internal.reflect.NativeMethodAccessorImpl.invoke(NativeMethodAccessorImpl.java:78)
at java.base/jdk.internal.reflect.DelegatingMethodAccessorImpl.invoke(DelegatingMethodAccessorImpl.java:43)
at java.base/java.lang.reflect.Method.invoke(Method.java:567)
at org.testng.internal.MethodInvocationHelper.invokeMethod(MethodInvocationHelper.java:124)
at org.testng.internal.Invoker.invokeMethod(Invoker.java:583)
at org.testng.internal.Invoker.invokeTestMethod(Invoker.java:719)
at org.testng.internal.Invoker.invokeTestMethods(Invoker.java:989)
at org.testng.internal.TestMethodWorker.invokeTestMethods(TestMethodWorker.java:125)
at org.testng.internal.TestMethodWorker.run(TestMethodWorker.java:109)
at org.testng.TestRunner.privateRun(TestRunner.java:648)
at org.testng.TestRunner.run(TestRunner.java:505)
at org.testng.SuiteRunner.runTest(SuiteRunner.java:455)
at org.testng.SuiteRunner.runSequentially(SuiteRunner.java:450)
at org.testng.SuiteRunner.privateRun(SuiteRunner.java:415)
at org.testng.SuiteRunner.run(SuiteRunner.java:364)
at org.testng.SuiteRunnerWorker.runSuite(SuiteRunnerWorker.java:52)
at org.testng.SuiteRunnerWorker.run(SuiteRunnerWorker.java:84)
at org.testng.TestNG.runSuitesSequentially(TestNG.java:1208)
at org.testng.TestNG.runSuitesLocally(TestNG.java:1137)
at org.testng.TestNG.runSuites(TestNG.java:1049)
at org.testng.TestNG.run(TestNG.java:1017)
at org.testng.remote.AbstractRemoteTestNG.run(AbstractRemoteTestNG.java:115)
at org.testng.remote.RemoteTestNG.initAndRun(RemoteTestNG.java:251)
at org.testng.remote.RemoteTestNG.main(RemoteTestNG.java:77)
]]>
            </full-stacktrace>
          </exception> <!-- org.openqa.selenium.NoSuchElementException -->
          <reporter-output>
          </reporter-output>
        </test-method> <!-- verifyDevCost -->
        <test-method is-config="true" signature="method(java.lang.reflect.Method)[pri:0, instance:Com.SPB.test.Simulation@76f2bbc1]" started-at="2022-11-04T08:34:02Z" name="method" finished-at="2022-11-04T08:34:02Z" duration-ms="0" status="PASS">
          <params>
            <param index="0">
              <value>
                <![CDATA[public void Com.SPB.test.Simulation.verifyDevrev() throws java.lang.Exception]]>
              </value>
            </param>
          </params>
          <reporter-output>
          </reporter-output>
        </test-method> <!-- method -->
        <test-method signature="verifyDevrev()[pri:0, instance:Com.SPB.test.Simulation@76f2bbc1]" started-at="2022-11-04T08:34:02Z" name="verifyDevrev" finished-at="2022-11-04T08:36:08Z" duration-ms="125988" status="PASS">
          <reporter-output>
          </reporter-output>
        </test-method> <!-- verifyDevrev -->
        <test-method is-config="true" signature="method(java.lang.reflect.Method)[pri:0, instance:Com.SPB.test.Simulation@76f2bbc1]" started-at="2022-11-04T08:36:08Z" name="method" finished-at="2022-11-04T08:36:08Z" duration-ms="0" status="PASS">
          <params>
            <param index="0">
              <value>
                <![CDATA[public void Com.SPB.test.Simulation.VerifyPBR() throws java.lang.Exception]]>
              </value>
            </param>
          </params>
          <reporter-output>
          </reporter-output>
        </test-method> <!-- method -->
        <test-method signature="VerifyPBR()[pri:0, instance:Com.SPB.test.Simulation@76f2bbc1]" started-at="2022-11-04T08:36:08Z" name="VerifyPBR" finished-at="2022-11-04T08:38:13Z" duration-ms="125248" status="PASS">
          <reporter-output>
          </reporter-output>
        </test-method> <!-- VerifyPBR -->
        <test-method is-config="true" signature="afterClass()[pri:0, instance:Com.SPB.test.Simulation@76f2bbc1]" started-at="2022-11-04T08:38:13Z" name="afterClass" finished-at="2022-11-04T08:38:13Z" duration-ms="426" status="PASS">
          <reporter-output>
          </reporter-output>
        </test-method> <!-- afterClass -->
      </class> <!-- Com.SPB.test.Simulation -->
      <class name="Com.SPB.test.VerifySearchProject">
        <test-method is-config="true" signature="beforeClass()[pri:0, instance:Com.SPB.test.VerifySearchProject@c03cf28]" started-at="2022-11-04T07:47:31Z" name="beforeClass" finished-at="2022-11-04T07:47:34Z" duration-ms="3975" status="PASS">
          <reporter-output>
          </reporter-output>
        </test-method> <!-- beforeClass -->
        <test-method signature="searchproject()[pri:0, instance:Com.SPB.test.VerifySearchProject@c03cf28]" started-at="2022-11-04T07:47:34Z" name="searchproject" finished-at="2022-11-04T07:48:23Z" duration-ms="48343" status="PASS">
          <reporter-output>
          </reporter-output>
        </test-method> <!-- searchproject -->
        <test-method is-config="true" signature="method(java.lang.reflect.Method)[pri:0, instance:Com.SPB.test.VerifySearchProject@c03cf28]" started-at="2022-11-04T07:47:34Z" name="method" finished-at="2022-11-04T07:47:34Z" duration-ms="0" status="PASS">
          <params>
            <param index="0">
              <value>
                <![CDATA[public void Com.SPB.test.VerifySearchProject.searchproject() throws java.lang.Exception]]>
              </value>
            </param>
          </params>
          <reporter-output>
          </reporter-output>
        </test-method> <!-- method -->
        <test-method is-config="true" signature="afterClass()[pri:0, instance:Com.SPB.test.VerifySearchProject@c03cf28]" started-at="2022-11-04T07:48:23Z" name="afterClass" finished-at="2022-11-04T07:48:23Z" duration-ms="344" status="PASS">
          <reporter-output>
          </reporter-output>
        </test-method> <!-- afterClass -->
      </class> <!-- Com.SPB.test.VerifySearchProject -->
      <class name="Com.SPB.test.VeirfyLogin">
        <test-method is-config="true" signature="report()[pri:0, instance:Com.SPB.test.VeirfyLogin@55f616cf]" started-at="2022-11-04T07:46:53Z" name="report" finished-at="2022-11-04T07:46:53Z" duration-ms="393" status="PASS">
          <reporter-output>
          </reporter-output>
        </test-method> <!-- report -->
        <test-method is-config="true" signature="beforeClass()[pri:0, instance:Com.SPB.test.VeirfyLogin@55f616cf]" started-at="2022-11-04T07:46:53Z" name="beforeClass" finished-at="2022-11-04T07:46:58Z" duration-ms="5140" status="PASS">
          <reporter-output>
          </reporter-output>
        </test-method> <!-- beforeClass -->
        <test-method is-config="true" signature="method(java.lang.reflect.Method)[pri:0, instance:Com.SPB.test.VeirfyLogin@55f616cf]" started-at="2022-11-04T07:46:58Z" name="method" finished-at="2022-11-04T07:46:58Z" duration-ms="7" status="PASS">
          <params>
            <param index="0">
              <value>
                <![CDATA[public void Com.SPB.test.VeirfyLogin.VerifyLogin() throws java.lang.Exception]]>
              </value>
            </param>
          </params>
          <reporter-output>
          </reporter-output>
        </test-method> <!-- method -->
        <test-method signature="VerifyLogin()[pri:0, instance:Com.SPB.test.VeirfyLogin@55f616cf]" started-at="2022-11-04T07:46:58Z" name="VerifyLogin" finished-at="2022-11-04T07:47:30Z" duration-ms="31646" status="PASS">
          <reporter-output>
          </reporter-output>
        </test-method> <!-- VerifyLogin -->
        <test-method is-config="true" signature="afterClass()[pri:0, instance:Com.SPB.test.VeirfyLogin@55f616cf]" started-at="2022-11-04T07:47:30Z" name="afterClass" finished-at="2022-11-04T07:47:31Z" duration-ms="620" status="PASS">
          <reporter-output>
          </reporter-output>
        </test-method> <!-- afterClass -->
      </class> <!-- Com.SPB.test.VeirfyLogin -->
      <class name="Com.SPB.test.VerifyDraftProjectFlow">
        <test-method is-config="true" signature="beforeClass()[pri:0, instance:Com.SPB.test.VerifyDraftProjectFlow@41c2284a]" started-at="2022-11-04T07:51:01Z" name="beforeClass" finished-at="2022-11-04T07:51:04Z" duration-ms="3878" status="PASS">
          <reporter-output>
          </reporter-output>
        </test-method> <!-- beforeClass -->
        <test-method signature="CreateDraftdraftproject()[pri:0, instance:Com.SPB.test.VerifyDraftProjectFlow@41c2284a]" started-at="2022-11-04T07:51:04Z" name="CreateDraftdraftproject" finished-at="2022-11-04T07:52:13Z" duration-ms="68843" status="FAIL">
          <exception class="org.openqa.selenium.NoSuchElementException">
            <message>
              <![CDATA[no such element: Unable to locate element: {"method":"xpath","selector":"//label[@class='ng-star-inserted ui-chkbox-label' and text()='WS']"}
  (Session info: MicrosoftEdge=106.0.1370.42)
For documentation on this error, please visit: https://www.seleniumhq.org/exceptions/no_such_element.html
Build info: version: '3.141.59', revision: 'e82be7d358', time: '2018-11-14T08:17:03'
System info: host: 'LT095011', ip: '10.156.164.22', os.name: 'Windows 10', os.arch: 'amd64', os.version: '10.0', java.version: '16.0.1'
Driver info: org.openqa.selenium.edge.EdgeDriver
Capabilities {acceptInsecureCerts: false, browserName: msedge, browserVersion: 106.0.1370.42, javascriptEnabled: true, ms:edgeOptions: {debuggerAddress: localhost:59355}, msedge: {msedgedriverVersion: 106.0.1370.42 (01c826627559..., userDataDir: C:\Users\J8994868\AppData\L...}, networkConnectionEnabled: false, pageLoadStrategy: normal, platform: WINDOWS, platformName: WINDOWS, proxy: Proxy(), setWindowRect: true, strictFileInteractability: false, timeouts: {implicit: 0, pageLoad: 300000, script: 30000}, unhandledPromptBehavior: dismiss and notify, webauthn:extension:credBlob: true, webauthn:extension:largeBlob: true, webauthn:virtualAuthenticators: true}
Session ID: 7289d258b545bdfd2e4d8d446c4f33e8
*** Element info: {Using=xpath, value=//label[@class='ng-star-inserted ui-chkbox-label' and text()='WS']}]]>
            </message>
            <full-stacktrace>
              <![CDATA[org.openqa.selenium.NoSuchElementException: no such element: Unable to locate element: {"method":"xpath","selector":"//label[@class='ng-star-inserted ui-chkbox-label' and text()='WS']"}
  (Session info: MicrosoftEdge=106.0.1370.42)
For documentation on this error, please visit: https://www.seleniumhq.org/exceptions/no_such_element.html
Build info: version: '3.141.59', revision: 'e82be7d358', time: '2018-11-14T08:17:03'
System info: host: 'LT095011', ip: '10.156.164.22', os.name: 'Windows 10', os.arch: 'amd64', os.version: '10.0', java.version: '16.0.1'
Driver info: org.openqa.selenium.edge.EdgeDriver
Capabilities {acceptInsecureCerts: false, browserName: msedge, browserVersion: 106.0.1370.42, javascriptEnabled: true, ms:edgeOptions: {debuggerAddress: localhost:59355}, msedge: {msedgedriverVersion: 106.0.1370.42 (01c826627559..., userDataDir: C:\Users\J8994868\AppData\L...}, networkConnectionEnabled: false, pageLoadStrategy: normal, platform: WINDOWS, platformName: WINDOWS, proxy: Proxy(), setWindowRect: true, strictFileInteractability: false, timeouts: {implicit: 0, pageLoad: 300000, script: 30000}, unhandledPromptBehavior: dismiss and notify, webauthn:extension:credBlob: true, webauthn:extension:largeBlob: true, webauthn:virtualAuthenticators: true}
Session ID: 7289d258b545bdfd2e4d8d446c4f33e8
*** Element info: {Using=xpath, value=//label[@class='ng-star-inserted ui-chkbox-label' and text()='WS']}
at java.base/jdk.internal.reflect.NativeConstructorAccessorImpl.newInstance0(Native Method)
at java.base/jdk.internal.reflect.NativeConstructorAccessorImpl.newInstance(NativeConstructorAccessorImpl.java:78)
at java.base/jdk.internal.reflect.DelegatingConstructorAccessorImpl.newInstance(DelegatingConstructorAccessorImpl.java:45)
at java.base/java.lang.reflect.Constructor.newInstanceWithCaller(Constructor.java:499)
at java.base/java.lang.reflect.Constructor.newInstance(Constructor.java:480)
at org.openqa.selenium.remote.http.W3CHttpResponseCodec.createException(W3CHttpResponseCodec.java:187)
at org.openqa.selenium.remote.http.W3CHttpResponseCodec.decode(W3CHttpResponseCodec.java:122)
at org.openqa.selenium.remote.http.W3CHttpResponseCodec.decode(W3CHttpResponseCodec.java:49)
at org.openqa.selenium.remote.HttpCommandExecutor.execute(HttpCommandExecutor.java:158)
at org.openqa.selenium.remote.service.DriverCommandExecutor.execute(DriverCommandExecutor.java:83)
at org.openqa.selenium.remote.RemoteWebDriver.execute(RemoteWebDriver.java:552)
at org.openqa.selenium.remote.RemoteWebDriver.findElement(RemoteWebDriver.java:323)
at org.openqa.selenium.remote.RemoteWebDriver.findElementByXPath(RemoteWebDriver.java:428)
at org.openqa.selenium.By$ByXPath.findElement(By.java:353)
at org.openqa.selenium.remote.RemoteWebDriver.findElement(RemoteWebDriver.java:315)
at Com.SPB.PageObjects.DraftProjectFlow.SelectGPone(DraftProjectFlow.java:100)
at Com.SPB.test.VerifyDraftProjectFlow.CreateDraftdraftproject(VerifyDraftProjectFlow.java:39)
at java.base/jdk.internal.reflect.NativeMethodAccessorImpl.invoke0(Native Method)
at java.base/jdk.internal.reflect.NativeMethodAccessorImpl.invoke(NativeMethodAccessorImpl.java:78)
at java.base/jdk.internal.reflect.DelegatingMethodAccessorImpl.invoke(DelegatingMethodAccessorImpl.java:43)
at java.base/java.lang.reflect.Method.invoke(Method.java:567)
at org.testng.internal.MethodInvocationHelper.invokeMethod(MethodInvocationHelper.java:124)
at org.testng.internal.Invoker.invokeMethod(Invoker.java:583)
at org.testng.internal.Invoker.invokeTestMethod(Invoker.java:719)
at org.testng.internal.Invoker.invokeTestMethods(Invoker.java:989)
at org.testng.internal.TestMethodWorker.invokeTestMethods(TestMethodWorker.java:125)
at org.testng.internal.TestMethodWorker.run(TestMethodWorker.java:109)
at org.testng.TestRunner.privateRun(TestRunner.java:648)
at org.testng.TestRunner.run(TestRunner.java:505)
at org.testng.SuiteRunner.runTest(SuiteRunner.java:455)
at org.testng.SuiteRunner.runSequentially(SuiteRunner.java:450)
at org.testng.SuiteRunner.privateRun(SuiteRunner.java:415)
at org.testng.SuiteRunner.run(SuiteRunner.java:364)
at org.testng.SuiteRunnerWorker.runSuite(SuiteRunnerWorker.java:52)
at org.testng.SuiteRunnerWorker.run(SuiteRunnerWorker.java:84)
at org.testng.TestNG.runSuitesSequentially(TestNG.java:1208)
at org.testng.TestNG.runSuitesLocally(TestNG.java:1137)
at org.testng.TestNG.runSuites(TestNG.java:1049)
at org.testng.TestNG.run(TestNG.java:1017)
at org.testng.remote.AbstractRemoteTestNG.run(AbstractRemoteTestNG.java:115)
at org.testng.remote.RemoteTestNG.initAndRun(RemoteTestNG.java:251)
at org.testng.remote.RemoteTestNG.main(RemoteTestNG.java:77)
]]>
            </full-stacktrace>
          </exception> <!-- org.openqa.selenium.NoSuchElementException -->
          <reporter-output>
          </reporter-output>
        </test-method> <!-- CreateDraftdraftproject -->
        <test-method is-config="true" signature="method(java.lang.reflect.Method)[pri:0, instance:Com.SPB.test.VerifyDraftProjectFlow@41c2284a]" started-at="2022-11-04T07:51:04Z" name="method" finished-at="2022-11-04T07:51:04Z" duration-ms="0" status="PASS">
          <params>
            <param index="0">
              <value>
                <![CDATA[public void Com.SPB.test.VerifyDraftProjectFlow.CreateDraftdraftproject() throws java.lang.Exception]]>
              </value>
            </param>
          </params>
          <reporter-output>
          </reporter-output>
        </test-method> <!-- method -->
        <test-method is-config="true" signature="afterClass()[pri:0, instance:Com.SPB.test.VerifyDraftProjectFlow@41c2284a]" started-at="2022-11-04T07:52:13Z" name="afterClass" finished-at="2022-11-04T07:52:14Z" duration-ms="403" status="PASS">
          <reporter-output>
          </reporter-output>
        </test-method> <!-- afterClass -->
      </class> <!-- Com.SPB.test.VerifyDraftProjectFlow -->
    </test> <!-- Regression -->
  </suite> <!-- Price Builder Test Result -->
</testng-results>
